{"/Users/mangosetsuna/Workspace/Busymango/fetch-driver/src/compose.ts": {"path":"/Users/mangosetsuna/Workspace/Busymango/fetch-driver/src/compose.ts","all":false,"statementMap":{"0":{"start":{"line":1,"column":0},"end":{"line":1,"column":3}},"1":{"start":{"line":2,"column":0},"end":{"line":2,"column":16}},"2":{"start":{"line":3,"column":0},"end":{"line":3,"column":35}},"3":{"start":{"line":4,"column":0},"end":{"line":4,"column":3}},"4":{"start":{"line":5,"column":0},"end":{"line":5,"column":0}},"5":{"start":{"line":6,"column":0},"end":{"line":6,"column":48}},"6":{"start":{"line":7,"column":0},"end":{"line":7,"column":0}},"7":{"start":{"line":8,"column":0},"end":{"line":8,"column":27}},"8":{"start":{"line":9,"column":0},"end":{"line":9,"column":30}},"9":{"start":{"line":10,"column":0},"end":{"line":10,"column":18}},"10":{"start":{"line":11,"column":0},"end":{"line":11,"column":45}},"11":{"start":{"line":12,"column":0},"end":{"line":12,"column":35}},"12":{"start":{"line":13,"column":0},"end":{"line":13,"column":0}},"13":{"start":{"line":14,"column":0},"end":{"line":14,"column":53}},"14":{"start":{"line":15,"column":0},"end":{"line":15,"column":29}},"15":{"start":{"line":16,"column":0},"end":{"line":16,"column":0}},"16":{"start":{"line":17,"column":0},"end":{"line":17,"column":41}},"17":{"start":{"line":18,"column":0},"end":{"line":18,"column":41}},"18":{"start":{"line":19,"column":0},"end":{"line":19,"column":7}},"19":{"start":{"line":20,"column":0},"end":{"line":20,"column":0}},"20":{"start":{"line":21,"column":0},"end":{"line":21,"column":44}},"21":{"start":{"line":22,"column":0},"end":{"line":22,"column":0}},"22":{"start":{"line":23,"column":0},"end":{"line":23,"column":29}},"23":{"start":{"line":24,"column":0},"end":{"line":24,"column":60}},"24":{"start":{"line":25,"column":0},"end":{"line":25,"column":8}},"25":{"start":{"line":26,"column":0},"end":{"line":26,"column":5}},"26":{"start":{"line":27,"column":0},"end":{"line":27,"column":0}},"27":{"start":{"line":28,"column":0},"end":{"line":28,"column":23}},"28":{"start":{"line":29,"column":0},"end":{"line":29,"column":4}},"29":{"start":{"line":30,"column":0},"end":{"line":30,"column":2}}},"s":{"0":1,"1":1,"2":1,"3":1,"4":1,"5":1,"6":1,"7":1,"8":10,"9":10,"10":10,"11":10,"12":10,"13":10,"14":12,"15":12,"16":12,"17":10,"18":10,"19":2,"20":2,"21":2,"22":2,"23":2,"24":2,"25":12,"26":10,"27":10,"28":10,"29":1},"branchMap":{"0":{"type":"branch","line":8,"loc":{"start":{"line":8,"column":7},"end":{"line":30,"column":1}},"locations":[{"start":{"line":8,"column":7},"end":{"line":30,"column":1}}]},"1":{"type":"branch","line":11,"loc":{"start":{"line":11,"column":9},"end":{"line":29,"column":4}},"locations":[{"start":{"line":11,"column":9},"end":{"line":29,"column":4}}]},"2":{"type":"branch","line":14,"loc":{"start":{"line":14,"column":4},"end":{"line":26,"column":5}},"locations":[{"start":{"line":14,"column":4},"end":{"line":26,"column":5}}]},"3":{"type":"branch","line":17,"loc":{"start":{"line":17,"column":40},"end":{"line":19,"column":7}},"locations":[{"start":{"line":17,"column":40},"end":{"line":19,"column":7}}]},"4":{"type":"branch","line":19,"loc":{"start":{"line":19,"column":6},"end":{"line":25,"column":8}},"locations":[{"start":{"line":19,"column":6},"end":{"line":25,"column":8}}]}},"b":{"0":[10],"1":[10],"2":[12],"3":[10],"4":[2]},"fnMap":{"0":{"name":"compose","decl":{"start":{"line":8,"column":7},"end":{"line":30,"column":1}},"loc":{"start":{"line":8,"column":7},"end":{"line":30,"column":1}},"line":8},"1":{"name":"dispatch","decl":{"start":{"line":14,"column":4},"end":{"line":26,"column":5}},"loc":{"start":{"line":14,"column":4},"end":{"line":26,"column":5}},"line":14}},"f":{"0":10,"1":12}}
,"/Users/mangosetsuna/Workspace/Busymango/fetch-driver/src/context.ts": {"path":"/Users/mangosetsuna/Workspace/Busymango/fetch-driver/src/context.ts","all":false,"statementMap":{"0":{"start":{"line":1,"column":0},"end":{"line":1,"column":3}},"1":{"start":{"line":2,"column":0},"end":{"line":2,"column":16}},"2":{"start":{"line":3,"column":0},"end":{"line":3,"column":29}},"3":{"start":{"line":4,"column":0},"end":{"line":4,"column":3}},"4":{"start":{"line":5,"column":0},"end":{"line":5,"column":24}},"5":{"start":{"line":6,"column":0},"end":{"line":6,"column":0}},"6":{"start":{"line":7,"column":0},"end":{"line":7,"column":8}},"7":{"start":{"line":8,"column":0},"end":{"line":8,"column":8}},"8":{"start":{"line":9,"column":0},"end":{"line":9,"column":11}},"9":{"start":{"line":10,"column":0},"end":{"line":10,"column":20}},"10":{"start":{"line":11,"column":0},"end":{"line":11,"column":13}},"11":{"start":{"line":12,"column":0},"end":{"line":12,"column":11}},"12":{"start":{"line":13,"column":0},"end":{"line":13,"column":11}},"13":{"start":{"line":14,"column":0},"end":{"line":14,"column":20}},"14":{"start":{"line":15,"column":0},"end":{"line":15,"column":13}},"15":{"start":{"line":16,"column":0},"end":{"line":16,"column":19}},"16":{"start":{"line":17,"column":0},"end":{"line":17,"column":17}},"17":{"start":{"line":18,"column":0},"end":{"line":18,"column":27}},"18":{"start":{"line":19,"column":0},"end":{"line":19,"column":49}},"19":{"start":{"line":20,"column":0},"end":{"line":20,"column":0}},"20":{"start":{"line":21,"column":0},"end":{"line":21,"column":51}},"21":{"start":{"line":22,"column":0},"end":{"line":22,"column":43}},"22":{"start":{"line":23,"column":0},"end":{"line":23,"column":0}},"23":{"start":{"line":24,"column":0},"end":{"line":24,"column":48}},"24":{"start":{"line":25,"column":0},"end":{"line":25,"column":22}},"25":{"start":{"line":26,"column":0},"end":{"line":26,"column":21}},"26":{"start":{"line":27,"column":0},"end":{"line":27,"column":0}},"27":{"start":{"line":28,"column":0},"end":{"line":28,"column":31}},"28":{"start":{"line":29,"column":0},"end":{"line":29,"column":38}},"29":{"start":{"line":30,"column":0},"end":{"line":30,"column":0}},"30":{"start":{"line":31,"column":0},"end":{"line":31,"column":44}},"31":{"start":{"line":32,"column":0},"end":{"line":32,"column":18}},"32":{"start":{"line":33,"column":0},"end":{"line":33,"column":0}},"33":{"start":{"line":34,"column":0},"end":{"line":34,"column":31}},"34":{"start":{"line":35,"column":0},"end":{"line":35,"column":23}},"35":{"start":{"line":36,"column":0},"end":{"line":36,"column":0}},"36":{"start":{"line":37,"column":0},"end":{"line":37,"column":27}},"37":{"start":{"line":38,"column":0},"end":{"line":38,"column":29}},"38":{"start":{"line":39,"column":0},"end":{"line":39,"column":0}},"39":{"start":{"line":40,"column":0},"end":{"line":40,"column":26}},"40":{"start":{"line":41,"column":0},"end":{"line":41,"column":31}},"41":{"start":{"line":42,"column":0},"end":{"line":42,"column":0}},"42":{"start":{"line":43,"column":0},"end":{"line":43,"column":29}},"43":{"start":{"line":44,"column":0},"end":{"line":44,"column":34}},"44":{"start":{"line":45,"column":0},"end":{"line":45,"column":0}},"45":{"start":{"line":46,"column":0},"end":{"line":46,"column":34}},"46":{"start":{"line":47,"column":0},"end":{"line":47,"column":32}},"47":{"start":{"line":48,"column":0},"end":{"line":48,"column":0}},"48":{"start":{"line":49,"column":0},"end":{"line":49,"column":36}},"49":{"start":{"line":50,"column":0},"end":{"line":50,"column":32}},"50":{"start":{"line":51,"column":0},"end":{"line":51,"column":0}},"51":{"start":{"line":52,"column":0},"end":{"line":52,"column":46}},"52":{"start":{"line":53,"column":0},"end":{"line":53,"column":36}},"53":{"start":{"line":54,"column":0},"end":{"line":54,"column":2}},"54":{"start":{"line":55,"column":0},"end":{"line":55,"column":15}},"55":{"start":{"line":56,"column":0},"end":{"line":56,"column":16}},"56":{"start":{"line":57,"column":0},"end":{"line":57,"column":18}},"57":{"start":{"line":58,"column":0},"end":{"line":58,"column":25}},"58":{"start":{"line":59,"column":0},"end":{"line":59,"column":5}},"59":{"start":{"line":60,"column":0},"end":{"line":60,"column":11}},"60":{"start":{"line":61,"column":0},"end":{"line":61,"column":14}},"61":{"start":{"line":62,"column":0},"end":{"line":62,"column":16}},"62":{"start":{"line":63,"column":0},"end":{"line":63,"column":21}},"63":{"start":{"line":64,"column":0},"end":{"line":64,"column":0}},"64":{"start":{"line":65,"column":0},"end":{"line":65,"column":19}},"65":{"start":{"line":66,"column":0},"end":{"line":66,"column":21}},"66":{"start":{"line":67,"column":0},"end":{"line":67,"column":20}},"67":{"start":{"line":68,"column":0},"end":{"line":68,"column":17}},"68":{"start":{"line":69,"column":0},"end":{"line":69,"column":36}},"69":{"start":{"line":70,"column":0},"end":{"line":70,"column":6}},"70":{"start":{"line":71,"column":0},"end":{"line":71,"column":3}},"71":{"start":{"line":72,"column":0},"end":{"line":72,"column":0}},"72":{"start":{"line":73,"column":0},"end":{"line":73,"column":25}},"73":{"start":{"line":74,"column":0},"end":{"line":74,"column":27}},"74":{"start":{"line":75,"column":0},"end":{"line":75,"column":31}},"75":{"start":{"line":76,"column":0},"end":{"line":76,"column":34}},"76":{"start":{"line":77,"column":0},"end":{"line":77,"column":33}},"77":{"start":{"line":78,"column":0},"end":{"line":78,"column":37}},"78":{"start":{"line":79,"column":0},"end":{"line":79,"column":39}},"79":{"start":{"line":80,"column":0},"end":{"line":80,"column":53}},"80":{"start":{"line":81,"column":0},"end":{"line":81,"column":70}},"81":{"start":{"line":82,"column":0},"end":{"line":82,"column":5}},"82":{"start":{"line":83,"column":0},"end":{"line":83,"column":4}},"83":{"start":{"line":84,"column":0},"end":{"line":84,"column":0}},"84":{"start":{"line":85,"column":0},"end":{"line":85,"column":26}},"85":{"start":{"line":86,"column":0},"end":{"line":86,"column":28}},"86":{"start":{"line":87,"column":0},"end":{"line":87,"column":43}},"87":{"start":{"line":88,"column":0},"end":{"line":88,"column":4}},"88":{"start":{"line":89,"column":0},"end":{"line":89,"column":22}},"89":{"start":{"line":90,"column":0},"end":{"line":90,"column":28}},"90":{"start":{"line":91,"column":0},"end":{"line":91,"column":35}},"91":{"start":{"line":92,"column":0},"end":{"line":92,"column":33}},"92":{"start":{"line":93,"column":0},"end":{"line":93,"column":43}},"93":{"start":{"line":94,"column":0},"end":{"line":94,"column":33}},"94":{"start":{"line":95,"column":0},"end":{"line":95,"column":63}},"95":{"start":{"line":96,"column":0},"end":{"line":96,"column":11}},"96":{"start":{"line":97,"column":0},"end":{"line":97,"column":63}},"97":{"start":{"line":98,"column":0},"end":{"line":98,"column":68}},"98":{"start":{"line":99,"column":0},"end":{"line":99,"column":11}},"99":{"start":{"line":100,"column":0},"end":{"line":100,"column":9}},"100":{"start":{"line":101,"column":0},"end":{"line":101,"column":62}},"101":{"start":{"line":102,"column":0},"end":{"line":102,"column":49}},"102":{"start":{"line":103,"column":0},"end":{"line":103,"column":43}},"103":{"start":{"line":104,"column":0},"end":{"line":104,"column":58}},"104":{"start":{"line":105,"column":0},"end":{"line":105,"column":9}},"105":{"start":{"line":106,"column":0},"end":{"line":106,"column":7}},"106":{"start":{"line":107,"column":0},"end":{"line":107,"column":5}},"107":{"start":{"line":108,"column":0},"end":{"line":108,"column":3}},"108":{"start":{"line":109,"column":0},"end":{"line":109,"column":0}},"109":{"start":{"line":110,"column":0},"end":{"line":110,"column":20}},"110":{"start":{"line":111,"column":0},"end":{"line":111,"column":30}},"111":{"start":{"line":112,"column":0},"end":{"line":112,"column":31}},"112":{"start":{"line":113,"column":0},"end":{"line":113,"column":36}},"113":{"start":{"line":114,"column":0},"end":{"line":114,"column":57}},"114":{"start":{"line":115,"column":0},"end":{"line":115,"column":5}},"115":{"start":{"line":116,"column":0},"end":{"line":116,"column":3}},"116":{"start":{"line":117,"column":0},"end":{"line":117,"column":0}},"117":{"start":{"line":118,"column":0},"end":{"line":118,"column":21}},"118":{"start":{"line":119,"column":0},"end":{"line":119,"column":23}},"119":{"start":{"line":120,"column":0},"end":{"line":120,"column":19}},"120":{"start":{"line":121,"column":0},"end":{"line":121,"column":20}},"121":{"start":{"line":122,"column":0},"end":{"line":122,"column":22}},"122":{"start":{"line":123,"column":0},"end":{"line":123,"column":3}},"123":{"start":{"line":124,"column":0},"end":{"line":124,"column":0}},"124":{"start":{"line":125,"column":0},"end":{"line":125,"column":59}},"125":{"start":{"line":126,"column":0},"end":{"line":126,"column":44}},"126":{"start":{"line":127,"column":0},"end":{"line":127,"column":59}},"127":{"start":{"line":128,"column":0},"end":{"line":128,"column":47}},"128":{"start":{"line":129,"column":0},"end":{"line":129,"column":0}},"129":{"start":{"line":130,"column":0},"end":{"line":130,"column":46}},"130":{"start":{"line":131,"column":0},"end":{"line":131,"column":52}},"131":{"start":{"line":132,"column":0},"end":{"line":132,"column":5}},"132":{"start":{"line":133,"column":0},"end":{"line":133,"column":3}},"133":{"start":{"line":134,"column":0},"end":{"line":134,"column":0}},"134":{"start":{"line":135,"column":0},"end":{"line":135,"column":70}},"135":{"start":{"line":136,"column":0},"end":{"line":136,"column":31}},"136":{"start":{"line":137,"column":0},"end":{"line":137,"column":30}},"137":{"start":{"line":138,"column":0},"end":{"line":138,"column":34}},"138":{"start":{"line":139,"column":0},"end":{"line":139,"column":45}},"139":{"start":{"line":140,"column":0},"end":{"line":140,"column":0}},"140":{"start":{"line":141,"column":0},"end":{"line":141,"column":33}},"141":{"start":{"line":142,"column":0},"end":{"line":142,"column":37}},"142":{"start":{"line":143,"column":0},"end":{"line":143,"column":0}},"143":{"start":{"line":144,"column":0},"end":{"line":144,"column":34}},"144":{"start":{"line":145,"column":0},"end":{"line":145,"column":38}},"145":{"start":{"line":146,"column":0},"end":{"line":146,"column":38}},"146":{"start":{"line":147,"column":0},"end":{"line":147,"column":54}},"147":{"start":{"line":148,"column":0},"end":{"line":148,"column":61}},"148":{"start":{"line":149,"column":0},"end":{"line":149,"column":40}},"149":{"start":{"line":150,"column":0},"end":{"line":150,"column":10}},"150":{"start":{"line":151,"column":0},"end":{"line":151,"column":7}},"151":{"start":{"line":152,"column":0},"end":{"line":152,"column":0}},"152":{"start":{"line":153,"column":0},"end":{"line":153,"column":29}},"153":{"start":{"line":154,"column":0},"end":{"line":154,"column":43}},"154":{"start":{"line":155,"column":0},"end":{"line":155,"column":45}},"155":{"start":{"line":156,"column":0},"end":{"line":156,"column":60}},"156":{"start":{"line":157,"column":0},"end":{"line":157,"column":5}},"157":{"start":{"line":158,"column":0},"end":{"line":158,"column":3}},"158":{"start":{"line":159,"column":0},"end":{"line":159,"column":1}}},"s":{"0":1,"1":1,"2":1,"3":1,"4":1,"5":1,"6":1,"7":1,"8":1,"9":1,"10":1,"11":1,"12":1,"13":1,"14":1,"15":1,"16":1,"17":1,"18":1,"19":1,"20":1,"21":1,"22":1,"23":15,"24":15,"25":15,"26":15,"27":15,"28":15,"29":15,"30":15,"31":15,"32":15,"33":15,"34":15,"35":15,"36":15,"37":15,"38":15,"39":15,"40":15,"41":15,"42":15,"43":15,"44":15,"45":15,"46":15,"47":15,"48":15,"49":15,"50":15,"51":15,"52":15,"53":15,"54":15,"55":15,"56":15,"57":15,"58":15,"59":15,"60":15,"61":15,"62":15,"63":15,"64":15,"65":15,"66":15,"67":15,"68":15,"69":15,"70":15,"71":15,"72":15,"73":15,"74":15,"75":15,"76":3,"77":3,"78":3,"79":3,"80":3,"81":3,"82":15,"83":15,"84":15,"85":15,"86":15,"87":15,"88":15,"89":15,"90":15,"91":2,"92":2,"93":2,"94":1,"95":1,"96":2,"97":1,"98":1,"99":2,"100":15,"101":2,"102":2,"103":2,"104":2,"105":2,"106":15,"107":15,"108":15,"109":15,"110":15,"111":15,"112":14,"113":14,"114":14,"115":15,"116":15,"117":15,"118":15,"119":15,"120":15,"121":15,"122":15,"123":15,"124":15,"125":15,"126":9,"127":1,"128":1,"129":1,"130":1,"131":1,"132":9,"133":15,"134":15,"135":15,"136":8,"137":8,"138":8,"139":8,"140":8,"141":8,"142":8,"143":8,"144":8,"145":12,"146":12,"147":12,"148":8,"149":12,"150":12,"151":8,"152":8,"153":8,"154":8,"155":8,"156":8,"157":8,"158":15},"branchMap":{"0":{"type":"branch","line":24,"loc":{"start":{"line":24,"column":0},"end":{"line":159,"column":1}},"locations":[{"start":{"line":24,"column":0},"end":{"line":159,"column":1}}]},"1":{"type":"branch","line":55,"loc":{"start":{"line":55,"column":2},"end":{"line":71,"column":3}},"locations":[{"start":{"line":55,"column":2},"end":{"line":71,"column":3}}]},"2":{"type":"branch","line":63,"loc":{"start":{"line":63,"column":8},"end":{"line":63,"column":21}},"locations":[{"start":{"line":63,"column":8},"end":{"line":63,"column":21}}]},"3":{"type":"branch","line":74,"loc":{"start":{"line":74,"column":20},"end":{"line":83,"column":4}},"locations":[{"start":{"line":74,"column":20},"end":{"line":83,"column":4}}]},"4":{"type":"branch","line":76,"loc":{"start":{"line":76,"column":33},"end":{"line":82,"column":5}},"locations":[{"start":{"line":76,"column":33},"end":{"line":82,"column":5}}]},"5":{"type":"branch","line":86,"loc":{"start":{"line":86,"column":21},"end":{"line":108,"column":3}},"locations":[{"start":{"line":86,"column":21},"end":{"line":108,"column":3}}]},"6":{"type":"branch","line":91,"loc":{"start":{"line":91,"column":34},"end":{"line":101,"column":17}},"locations":[{"start":{"line":91,"column":34},"end":{"line":101,"column":17}}]},"7":{"type":"branch","line":94,"loc":{"start":{"line":94,"column":32},"end":{"line":96,"column":11}},"locations":[{"start":{"line":94,"column":32},"end":{"line":96,"column":11}}]},"8":{"type":"branch","line":97,"loc":{"start":{"line":97,"column":62},"end":{"line":99,"column":11}},"locations":[{"start":{"line":97,"column":62},"end":{"line":99,"column":11}}]},"9":{"type":"branch","line":101,"loc":{"start":{"line":101,"column":6},"end":{"line":106,"column":7}},"locations":[{"start":{"line":101,"column":6},"end":{"line":106,"column":7}}]},"10":{"type":"branch","line":101,"loc":{"start":{"line":101,"column":30},"end":{"line":101,"column":61}},"locations":[{"start":{"line":101,"column":30},"end":{"line":101,"column":61}}]},"11":{"type":"branch","line":101,"loc":{"start":{"line":101,"column":61},"end":{"line":106,"column":7}},"locations":[{"start":{"line":101,"column":61},"end":{"line":106,"column":7}}]},"12":{"type":"branch","line":111,"loc":{"start":{"line":111,"column":23},"end":{"line":116,"column":3}},"locations":[{"start":{"line":111,"column":23},"end":{"line":116,"column":3}}]},"13":{"type":"branch","line":112,"loc":{"start":{"line":112,"column":30},"end":{"line":115,"column":5}},"locations":[{"start":{"line":112,"column":30},"end":{"line":115,"column":5}}]},"14":{"type":"branch","line":114,"loc":{"start":{"line":114,"column":38},"end":{"line":114,"column":50}},"locations":[{"start":{"line":114,"column":38},"end":{"line":114,"column":50}}]},"15":{"type":"branch","line":114,"loc":{"start":{"line":114,"column":42},"end":{"line":114,"column":57}},"locations":[{"start":{"line":114,"column":42},"end":{"line":114,"column":57}}]},"16":{"type":"branch","line":119,"loc":{"start":{"line":119,"column":16},"end":{"line":123,"column":3}},"locations":[{"start":{"line":119,"column":16},"end":{"line":123,"column":3}}]},"17":{"type":"branch","line":126,"loc":{"start":{"line":126,"column":21},"end":{"line":133,"column":3}},"locations":[{"start":{"line":126,"column":21},"end":{"line":133,"column":3}}]},"18":{"type":"branch","line":127,"loc":{"start":{"line":127,"column":58},"end":{"line":132,"column":5}},"locations":[{"start":{"line":127,"column":58},"end":{"line":132,"column":5}}]},"19":{"type":"branch","line":131,"loc":{"start":{"line":131,"column":17},"end":{"line":131,"column":43}},"locations":[{"start":{"line":131,"column":17},"end":{"line":131,"column":43}}]},"20":{"type":"branch","line":136,"loc":{"start":{"line":136,"column":24},"end":{"line":158,"column":3}},"locations":[{"start":{"line":136,"column":24},"end":{"line":158,"column":3}}]},"21":{"type":"branch","line":145,"loc":{"start":{"line":145,"column":37},"end":{"line":151,"column":7}},"locations":[{"start":{"line":145,"column":37},"end":{"line":151,"column":7}}]},"22":{"type":"branch","line":148,"loc":{"start":{"line":148,"column":30},"end":{"line":148,"column":60}},"locations":[{"start":{"line":148,"column":30},"end":{"line":148,"column":60}}]},"23":{"type":"branch","line":148,"loc":{"start":{"line":148,"column":60},"end":{"line":150,"column":9}},"locations":[{"start":{"line":148,"column":60},"end":{"line":150,"column":9}}]},"24":{"type":"branch","line":156,"loc":{"start":{"line":156,"column":29},"end":{"line":156,"column":60}},"locations":[{"start":{"line":156,"column":29},"end":{"line":156,"column":60}}]}},"b":{"0":[15],"1":[15],"2":[6],"3":[15],"4":[3],"5":[15],"6":[2],"7":[1],"8":[1],"9":[13],"10":[5],"11":[2],"12":[15],"13":[14],"14":[10],"15":[4],"16":[15],"17":[9],"18":[1],"19":[1],"20":[8],"21":[12],"22":[8],"23":[8],"24":[3]},"fnMap":{"0":{"name":"<instance_members_initializer>","decl":{"start":{"line":24,"column":0},"end":{"line":159,"column":1}},"loc":{"start":{"line":24,"column":0},"end":{"line":159,"column":1}},"line":24},"1":{"name":"DriveContext","decl":{"start":{"line":55,"column":2},"end":{"line":71,"column":3}},"loc":{"start":{"line":55,"column":2},"end":{"line":71,"column":3}},"line":55},"2":{"name":"initAPI","decl":{"start":{"line":74,"column":20},"end":{"line":83,"column":4}},"loc":{"start":{"line":74,"column":20},"end":{"line":83,"column":4}},"line":74},"3":{"name":"initBody","decl":{"start":{"line":86,"column":21},"end":{"line":108,"column":3}},"loc":{"start":{"line":86,"column":21},"end":{"line":108,"column":3}},"line":86},"4":{"name":"initMethod","decl":{"start":{"line":111,"column":23},"end":{"line":116,"column":3}},"loc":{"start":{"line":111,"column":23},"end":{"line":116,"column":3}},"line":111},"5":{"name":"init","decl":{"start":{"line":119,"column":16},"end":{"line":123,"column":3}},"loc":{"start":{"line":119,"column":16},"end":{"line":123,"column":3}},"line":119},"6":{"name":"initAbort","decl":{"start":{"line":126,"column":21},"end":{"line":133,"column":3}},"loc":{"start":{"line":126,"column":21},"end":{"line":133,"column":3}},"line":126},"7":{"name":"decodeHeader","decl":{"start":{"line":136,"column":24},"end":{"line":158,"column":3}},"loc":{"start":{"line":136,"column":24},"end":{"line":158,"column":3}},"line":136}},"f":{"0":15,"1":15,"2":15,"3":15,"4":15,"5":15,"6":9,"7":8}}
,"/Users/mangosetsuna/Workspace/Busymango/fetch-driver/src/fetch.ts": {"path":"/Users/mangosetsuna/Workspace/Busymango/fetch-driver/src/fetch.ts","all":false,"statementMap":{"0":{"start":{"line":1,"column":0},"end":{"line":1,"column":3}},"1":{"start":{"line":2,"column":0},"end":{"line":2,"column":16}},"2":{"start":{"line":3,"column":0},"end":{"line":3,"column":26}},"3":{"start":{"line":4,"column":0},"end":{"line":4,"column":3}},"4":{"start":{"line":5,"column":0},"end":{"line":5,"column":0}},"5":{"start":{"line":6,"column":0},"end":{"line":6,"column":45}},"6":{"start":{"line":7,"column":0},"end":{"line":7,"column":0}},"7":{"start":{"line":8,"column":0},"end":{"line":8,"column":13}},"8":{"start":{"line":9,"column":0},"end":{"line":9,"column":12}},"9":{"start":{"line":10,"column":0},"end":{"line":10,"column":15}},"10":{"start":{"line":11,"column":0},"end":{"line":11,"column":18}},"11":{"start":{"line":12,"column":0},"end":{"line":12,"column":13}},"12":{"start":{"line":13,"column":0},"end":{"line":13,"column":15}},"13":{"start":{"line":14,"column":0},"end":{"line":14,"column":13}},"14":{"start":{"line":15,"column":0},"end":{"line":15,"column":15}},"15":{"start":{"line":16,"column":0},"end":{"line":16,"column":17}},"16":{"start":{"line":17,"column":0},"end":{"line":17,"column":36}},"17":{"start":{"line":18,"column":0},"end":{"line":18,"column":37}},"18":{"start":{"line":19,"column":0},"end":{"line":19,"column":36}},"19":{"start":{"line":20,"column":0},"end":{"line":20,"column":0}},"20":{"start":{"line":21,"column":0},"end":{"line":21,"column":17}},"21":{"start":{"line":22,"column":0},"end":{"line":22,"column":23}},"22":{"start":{"line":23,"column":0},"end":{"line":23,"column":16}},"23":{"start":{"line":24,"column":0},"end":{"line":24,"column":39}},"24":{"start":{"line":25,"column":0},"end":{"line":25,"column":20}},"25":{"start":{"line":26,"column":0},"end":{"line":26,"column":36}},"26":{"start":{"line":27,"column":0},"end":{"line":27,"column":39}},"27":{"start":{"line":28,"column":0},"end":{"line":28,"column":1}},"28":{"start":{"line":29,"column":0},"end":{"line":29,"column":0}},"29":{"start":{"line":30,"column":0},"end":{"line":30,"column":49}},"30":{"start":{"line":31,"column":0},"end":{"line":31,"column":0}},"31":{"start":{"line":32,"column":0},"end":{"line":32,"column":97}},"32":{"start":{"line":33,"column":0},"end":{"line":33,"column":0}},"33":{"start":{"line":34,"column":0},"end":{"line":34,"column":34}},"34":{"start":{"line":35,"column":0},"end":{"line":35,"column":40}},"35":{"start":{"line":36,"column":0},"end":{"line":36,"column":0}},"36":{"start":{"line":37,"column":0},"end":{"line":37,"column":51}},"37":{"start":{"line":38,"column":0},"end":{"line":38,"column":33}},"38":{"start":{"line":39,"column":0},"end":{"line":39,"column":0}},"39":{"start":{"line":40,"column":0},"end":{"line":40,"column":33}},"40":{"start":{"line":41,"column":0},"end":{"line":41,"column":68}},"41":{"start":{"line":42,"column":0},"end":{"line":42,"column":63}},"42":{"start":{"line":43,"column":0},"end":{"line":43,"column":56}},"43":{"start":{"line":44,"column":0},"end":{"line":44,"column":12}},"44":{"start":{"line":45,"column":0},"end":{"line":45,"column":7}},"45":{"start":{"line":46,"column":0},"end":{"line":46,"column":3}},"46":{"start":{"line":47,"column":0},"end":{"line":47,"column":0}},"47":{"start":{"line":48,"column":0},"end":{"line":48,"column":29}},"48":{"start":{"line":49,"column":0},"end":{"line":49,"column":8}},"49":{"start":{"line":50,"column":0},"end":{"line":50,"column":8}},"50":{"start":{"line":51,"column":0},"end":{"line":51,"column":9}},"51":{"start":{"line":52,"column":0},"end":{"line":52,"column":10}},"52":{"start":{"line":53,"column":0},"end":{"line":53,"column":12}},"53":{"start":{"line":54,"column":0},"end":{"line":54,"column":15}},"54":{"start":{"line":55,"column":0},"end":{"line":55,"column":11}},"55":{"start":{"line":56,"column":0},"end":{"line":56,"column":26}},"56":{"start":{"line":57,"column":0},"end":{"line":57,"column":57}},"57":{"start":{"line":58,"column":0},"end":{"line":58,"column":0}},"58":{"start":{"line":59,"column":0},"end":{"line":59,"column":43}},"59":{"start":{"line":60,"column":0},"end":{"line":60,"column":59}},"60":{"start":{"line":61,"column":0},"end":{"line":61,"column":6}},"61":{"start":{"line":62,"column":0},"end":{"line":62,"column":0}},"62":{"start":{"line":63,"column":0},"end":{"line":63,"column":41}},"63":{"start":{"line":64,"column":0},"end":{"line":64,"column":21}},"64":{"start":{"line":65,"column":0},"end":{"line":65,"column":33}},"65":{"start":{"line":66,"column":0},"end":{"line":66,"column":0}},"66":{"start":{"line":67,"column":0},"end":{"line":67,"column":39}},"67":{"start":{"line":68,"column":0},"end":{"line":68,"column":49}},"68":{"start":{"line":69,"column":0},"end":{"line":69,"column":0}},"69":{"start":{"line":70,"column":0},"end":{"line":70,"column":34}},"70":{"start":{"line":71,"column":0},"end":{"line":71,"column":29}},"71":{"start":{"line":72,"column":0},"end":{"line":72,"column":0}},"72":{"start":{"line":73,"column":0},"end":{"line":73,"column":33}},"73":{"start":{"line":74,"column":0},"end":{"line":74,"column":17}},"74":{"start":{"line":75,"column":0},"end":{"line":75,"column":16}},"75":{"start":{"line":76,"column":0},"end":{"line":76,"column":23}},"76":{"start":{"line":77,"column":0},"end":{"line":77,"column":8}},"77":{"start":{"line":78,"column":0},"end":{"line":78,"column":7}},"78":{"start":{"line":79,"column":0},"end":{"line":79,"column":0}},"79":{"start":{"line":80,"column":0},"end":{"line":80,"column":38}},"80":{"start":{"line":81,"column":0},"end":{"line":81,"column":3}},"81":{"start":{"line":82,"column":0},"end":{"line":82,"column":0}},"82":{"start":{"line":83,"column":0},"end":{"line":83,"column":56}},"83":{"start":{"line":84,"column":0},"end":{"line":84,"column":52}},"84":{"start":{"line":85,"column":0},"end":{"line":85,"column":18}},"85":{"start":{"line":86,"column":0},"end":{"line":86,"column":1}}},"s":{"0":1,"1":1,"2":1,"3":1,"4":1,"5":1,"6":1,"7":1,"8":1,"9":1,"10":1,"11":1,"12":1,"13":1,"14":1,"15":1,"16":1,"17":1,"18":1,"19":1,"20":5,"21":5,"22":5,"23":5,"24":5,"25":5,"26":3,"27":3,"28":1,"29":1,"30":1,"31":1,"32":1,"33":2,"34":2,"35":2,"36":2,"37":2,"38":2,"39":2,"40":16,"41":16,"42":1,"43":1,"44":2,"45":2,"46":2,"47":2,"48":9,"49":9,"50":9,"51":9,"52":9,"53":9,"54":9,"55":9,"56":9,"57":9,"58":9,"59":9,"60":9,"61":9,"62":9,"63":9,"64":9,"65":9,"66":9,"67":9,"68":8,"69":8,"70":8,"71":8,"72":8,"73":9,"74":9,"75":9,"76":9,"77":9,"78":8,"79":8,"80":9,"81":2,"82":2,"83":4,"84":4,"85":2},"branchMap":{"0":{"type":"branch","line":21,"loc":{"start":{"line":21,"column":0},"end":{"line":28,"column":1}},"locations":[{"start":{"line":21,"column":0},"end":{"line":28,"column":1}}]},"1":{"type":"branch","line":26,"loc":{"start":{"line":26,"column":23},"end":{"line":28,"column":1}},"locations":[{"start":{"line":26,"column":23},"end":{"line":28,"column":1}}]},"2":{"type":"branch","line":26,"loc":{"start":{"line":26,"column":23},"end":{"line":26,"column":36}},"locations":[{"start":{"line":26,"column":23},"end":{"line":26,"column":36}}]},"3":{"type":"branch","line":34,"loc":{"start":{"line":34,"column":0},"end":{"line":86,"column":1}},"locations":[{"start":{"line":34,"column":0},"end":{"line":86,"column":1}}]},"4":{"type":"branch","line":37,"loc":{"start":{"line":37,"column":2},"end":{"line":46,"column":3}},"locations":[{"start":{"line":37,"column":2},"end":{"line":46,"column":3}}]},"5":{"type":"branch","line":40,"loc":{"start":{"line":40,"column":20},"end":{"line":45,"column":5}},"locations":[{"start":{"line":40,"column":20},"end":{"line":45,"column":5}}]},"6":{"type":"branch","line":42,"loc":{"start":{"line":42,"column":25},"end":{"line":44,"column":12}},"locations":[{"start":{"line":42,"column":25},"end":{"line":44,"column":12}}]},"7":{"type":"branch","line":48,"loc":{"start":{"line":48,"column":19},"end":{"line":81,"column":3}},"locations":[{"start":{"line":48,"column":19},"end":{"line":81,"column":3}}]},"8":{"type":"branch","line":78,"loc":{"start":{"line":78,"column":5},"end":{"line":80,"column":38}},"locations":[{"start":{"line":78,"column":5},"end":{"line":80,"column":38}}]},"9":{"type":"branch","line":63,"loc":{"start":{"line":63,"column":28},"end":{"line":78,"column":5}},"locations":[{"start":{"line":63,"column":28},"end":{"line":78,"column":5}}]},"10":{"type":"branch","line":68,"loc":{"start":{"line":68,"column":47},"end":{"line":73,"column":33}},"locations":[{"start":{"line":68,"column":47},"end":{"line":73,"column":33}}]},"11":{"type":"branch","line":73,"loc":{"start":{"line":73,"column":13},"end":{"line":73,"column":33}},"locations":[{"start":{"line":73,"column":13},"end":{"line":73,"column":33}}]},"12":{"type":"branch","line":77,"loc":{"start":{"line":77,"column":6},"end":{"line":77,"column":8}},"locations":[{"start":{"line":77,"column":6},"end":{"line":77,"column":8}}]},"13":{"type":"branch","line":83,"loc":{"start":{"line":83,"column":18},"end":{"line":85,"column":18}},"locations":[{"start":{"line":83,"column":18},"end":{"line":85,"column":18}}]},"14":{"type":"branch","line":84,"loc":{"start":{"line":84,"column":44},"end":{"line":84,"column":52}},"locations":[{"start":{"line":84,"column":44},"end":{"line":84,"column":52}}]}},"b":{"0":[5],"1":[3],"2":[2],"3":[2],"4":[2],"5":[16],"6":[1],"7":[9],"8":[8],"9":[9],"10":[8],"11":[6],"12":[8],"13":[4],"14":[3]},"fnMap":{"0":{"name":"over","decl":{"start":{"line":21,"column":0},"end":{"line":28,"column":1}},"loc":{"start":{"line":21,"column":0},"end":{"line":28,"column":1}},"line":21},"1":{"name":"<instance_members_initializer>","decl":{"start":{"line":34,"column":0},"end":{"line":86,"column":1}},"loc":{"start":{"line":34,"column":0},"end":{"line":86,"column":1}},"line":34},"2":{"name":"FetchDriver","decl":{"start":{"line":37,"column":2},"end":{"line":46,"column":3}},"loc":{"start":{"line":37,"column":2},"end":{"line":46,"column":3}},"line":37},"3":{"name":"drive.<computed>","decl":{"start":{"line":42,"column":25},"end":{"line":44,"column":12}},"loc":{"start":{"line":42,"column":25},"end":{"line":44,"column":12}},"line":42},"4":{"name":"request","decl":{"start":{"line":48,"column":19},"end":{"line":81,"column":3}},"loc":{"start":{"line":48,"column":19},"end":{"line":81,"column":3}},"line":48},"5":{"name":"drive","decl":{"start":{"line":83,"column":18},"end":{"line":85,"column":18}},"loc":{"start":{"line":83,"column":18},"end":{"line":85,"column":18}},"line":83}},"f":{"0":5,"1":2,"2":2,"3":1,"4":9,"5":4}}
,"/Users/mangosetsuna/Workspace/Busymango/fetch-driver/src/utils.ts": {"path":"/Users/mangosetsuna/Workspace/Busymango/fetch-driver/src/utils.ts","all":false,"statementMap":{"0":{"start":{"line":1,"column":0},"end":{"line":1,"column":3}},"1":{"start":{"line":2,"column":0},"end":{"line":2,"column":16}},"2":{"start":{"line":3,"column":0},"end":{"line":3,"column":33}},"3":{"start":{"line":4,"column":0},"end":{"line":4,"column":3}},"4":{"start":{"line":5,"column":0},"end":{"line":5,"column":0}},"5":{"start":{"line":6,"column":0},"end":{"line":6,"column":8}},"6":{"start":{"line":7,"column":0},"end":{"line":7,"column":9}},"7":{"start":{"line":8,"column":0},"end":{"line":8,"column":11}},"8":{"start":{"line":9,"column":0},"end":{"line":9,"column":11}},"9":{"start":{"line":10,"column":0},"end":{"line":10,"column":11}},"10":{"start":{"line":11,"column":0},"end":{"line":11,"column":13}},"11":{"start":{"line":12,"column":0},"end":{"line":12,"column":19}},"12":{"start":{"line":13,"column":0},"end":{"line":13,"column":17}},"13":{"start":{"line":14,"column":0},"end":{"line":14,"column":27}},"14":{"start":{"line":15,"column":0},"end":{"line":15,"column":0}},"15":{"start":{"line":16,"column":0},"end":{"line":16,"column":37}},"16":{"start":{"line":17,"column":0},"end":{"line":17,"column":39}},"17":{"start":{"line":18,"column":0},"end":{"line":18,"column":0}},"18":{"start":{"line":19,"column":0},"end":{"line":19,"column":69}},"19":{"start":{"line":20,"column":0},"end":{"line":20,"column":36}},"20":{"start":{"line":21,"column":0},"end":{"line":21,"column":3}},"21":{"start":{"line":22,"column":0},"end":{"line":22,"column":38}},"22":{"start":{"line":23,"column":0},"end":{"line":23,"column":23}},"23":{"start":{"line":24,"column":0},"end":{"line":24,"column":25}},"24":{"start":{"line":25,"column":0},"end":{"line":25,"column":29}},"25":{"start":{"line":26,"column":0},"end":{"line":26,"column":32}},"26":{"start":{"line":27,"column":0},"end":{"line":27,"column":2}},"27":{"start":{"line":28,"column":0},"end":{"line":28,"column":0}},"28":{"start":{"line":29,"column":0},"end":{"line":29,"column":46}},"29":{"start":{"line":30,"column":0},"end":{"line":30,"column":17}},"30":{"start":{"line":31,"column":0},"end":{"line":31,"column":15}},"31":{"start":{"line":32,"column":0},"end":{"line":32,"column":15}},"32":{"start":{"line":33,"column":0},"end":{"line":33,"column":16}},"33":{"start":{"line":34,"column":0},"end":{"line":34,"column":17}},"34":{"start":{"line":35,"column":0},"end":{"line":35,"column":20}},"35":{"start":{"line":36,"column":0},"end":{"line":36,"column":22}},"36":{"start":{"line":37,"column":0},"end":{"line":37,"column":16}},"37":{"start":{"line":38,"column":0},"end":{"line":38,"column":3}},"38":{"start":{"line":39,"column":0},"end":{"line":39,"column":15}},"39":{"start":{"line":40,"column":0},"end":{"line":40,"column":1}},"40":{"start":{"line":41,"column":0},"end":{"line":41,"column":0}},"41":{"start":{"line":42,"column":0},"end":{"line":42,"column":60}},"42":{"start":{"line":43,"column":0},"end":{"line":43,"column":46}},"43":{"start":{"line":44,"column":0},"end":{"line":44,"column":37}},"44":{"start":{"line":45,"column":0},"end":{"line":45,"column":33}},"45":{"start":{"line":46,"column":0},"end":{"line":46,"column":30}},"46":{"start":{"line":47,"column":0},"end":{"line":47,"column":22}},"47":{"start":{"line":48,"column":0},"end":{"line":48,"column":18}},"48":{"start":{"line":49,"column":0},"end":{"line":49,"column":37}},"49":{"start":{"line":50,"column":0},"end":{"line":50,"column":1}},"50":{"start":{"line":51,"column":0},"end":{"line":51,"column":0}},"51":{"start":{"line":52,"column":0},"end":{"line":52,"column":48}},"52":{"start":{"line":53,"column":0},"end":{"line":53,"column":32}},"53":{"start":{"line":54,"column":0},"end":{"line":54,"column":40}},"54":{"start":{"line":55,"column":0},"end":{"line":55,"column":1}},"55":{"start":{"line":56,"column":0},"end":{"line":56,"column":0}},"56":{"start":{"line":57,"column":0},"end":{"line":57,"column":35}},"57":{"start":{"line":58,"column":0},"end":{"line":58,"column":21}},"58":{"start":{"line":59,"column":0},"end":{"line":59,"column":27}},"59":{"start":{"line":60,"column":0},"end":{"line":60,"column":10}},"60":{"start":{"line":61,"column":0},"end":{"line":61,"column":33}},"61":{"start":{"line":62,"column":0},"end":{"line":62,"column":9}},"62":{"start":{"line":63,"column":0},"end":{"line":63,"column":3}},"63":{"start":{"line":64,"column":0},"end":{"line":64,"column":31}},"64":{"start":{"line":65,"column":0},"end":{"line":65,"column":0}},"65":{"start":{"line":66,"column":0},"end":{"line":66,"column":41}},"66":{"start":{"line":67,"column":0},"end":{"line":67,"column":0}},"67":{"start":{"line":68,"column":0},"end":{"line":68,"column":52}},"68":{"start":{"line":69,"column":0},"end":{"line":69,"column":0}},"69":{"start":{"line":70,"column":0},"end":{"line":70,"column":11}},"70":{"start":{"line":71,"column":0},"end":{"line":71,"column":55}},"71":{"start":{"line":72,"column":0},"end":{"line":72,"column":57}},"72":{"start":{"line":73,"column":0},"end":{"line":73,"column":59}},"73":{"start":{"line":74,"column":0},"end":{"line":74,"column":84}},"74":{"start":{"line":75,"column":0},"end":{"line":75,"column":4}},"75":{"start":{"line":76,"column":0},"end":{"line":76,"column":18}},"76":{"start":{"line":77,"column":0},"end":{"line":77,"column":32}},"77":{"start":{"line":78,"column":0},"end":{"line":78,"column":48}},"78":{"start":{"line":79,"column":0},"end":{"line":79,"column":0}},"79":{"start":{"line":80,"column":0},"end":{"line":80,"column":38}},"80":{"start":{"line":81,"column":0},"end":{"line":81,"column":55}},"81":{"start":{"line":82,"column":0},"end":{"line":82,"column":0}},"82":{"start":{"line":83,"column":0},"end":{"line":83,"column":37}},"83":{"start":{"line":84,"column":0},"end":{"line":84,"column":52}},"84":{"start":{"line":85,"column":0},"end":{"line":85,"column":0}},"85":{"start":{"line":86,"column":0},"end":{"line":86,"column":20}},"86":{"start":{"line":87,"column":0},"end":{"line":87,"column":44}},"87":{"start":{"line":88,"column":0},"end":{"line":88,"column":48}},"88":{"start":{"line":89,"column":0},"end":{"line":89,"column":72}},"89":{"start":{"line":90,"column":0},"end":{"line":90,"column":51}},"90":{"start":{"line":91,"column":0},"end":{"line":91,"column":65}},"91":{"start":{"line":92,"column":0},"end":{"line":92,"column":9}},"92":{"start":{"line":93,"column":0},"end":{"line":93,"column":0}},"93":{"start":{"line":94,"column":0},"end":{"line":94,"column":36}},"94":{"start":{"line":95,"column":0},"end":{"line":95,"column":42}},"95":{"start":{"line":96,"column":0},"end":{"line":96,"column":60}},"96":{"start":{"line":97,"column":0},"end":{"line":97,"column":63}},"97":{"start":{"line":98,"column":0},"end":{"line":98,"column":7}},"98":{"start":{"line":99,"column":0},"end":{"line":99,"column":0}},"99":{"start":{"line":100,"column":0},"end":{"line":100,"column":24}},"100":{"start":{"line":101,"column":0},"end":{"line":101,"column":32}},"101":{"start":{"line":102,"column":0},"end":{"line":102,"column":34}},"102":{"start":{"line":103,"column":0},"end":{"line":103,"column":47}},"103":{"start":{"line":104,"column":0},"end":{"line":104,"column":15}},"104":{"start":{"line":105,"column":0},"end":{"line":105,"column":15}},"105":{"start":{"line":106,"column":0},"end":{"line":106,"column":7}},"106":{"start":{"line":107,"column":0},"end":{"line":107,"column":0}},"107":{"start":{"line":108,"column":0},"end":{"line":108,"column":36}},"108":{"start":{"line":109,"column":0},"end":{"line":109,"column":59}},"109":{"start":{"line":110,"column":0},"end":{"line":110,"column":45}},"110":{"start":{"line":111,"column":0},"end":{"line":111,"column":15}},"111":{"start":{"line":112,"column":0},"end":{"line":112,"column":7}},"112":{"start":{"line":113,"column":0},"end":{"line":113,"column":12}},"113":{"start":{"line":114,"column":0},"end":{"line":114,"column":24}},"114":{"start":{"line":115,"column":0},"end":{"line":115,"column":52}},"115":{"start":{"line":116,"column":0},"end":{"line":116,"column":15}},"116":{"start":{"line":117,"column":0},"end":{"line":117,"column":7}},"117":{"start":{"line":118,"column":0},"end":{"line":118,"column":0}},"118":{"start":{"line":119,"column":0},"end":{"line":119,"column":35}},"119":{"start":{"line":120,"column":0},"end":{"line":120,"column":52}},"120":{"start":{"line":121,"column":0},"end":{"line":121,"column":15}},"121":{"start":{"line":122,"column":0},"end":{"line":122,"column":7}},"122":{"start":{"line":123,"column":0},"end":{"line":123,"column":0}},"123":{"start":{"line":124,"column":0},"end":{"line":124,"column":36}},"124":{"start":{"line":125,"column":0},"end":{"line":125,"column":52}},"125":{"start":{"line":126,"column":0},"end":{"line":126,"column":15}},"126":{"start":{"line":127,"column":0},"end":{"line":127,"column":7}},"127":{"start":{"line":128,"column":0},"end":{"line":128,"column":0}},"128":{"start":{"line":129,"column":0},"end":{"line":129,"column":53}},"129":{"start":{"line":130,"column":0},"end":{"line":130,"column":52}},"130":{"start":{"line":131,"column":0},"end":{"line":131,"column":15}},"131":{"start":{"line":132,"column":0},"end":{"line":132,"column":7}},"132":{"start":{"line":133,"column":0},"end":{"line":133,"column":5}},"133":{"start":{"line":134,"column":0},"end":{"line":134,"column":3}},"134":{"start":{"line":135,"column":0},"end":{"line":135,"column":1}}},"s":{"0":2,"1":2,"2":2,"3":2,"4":2,"5":2,"6":2,"7":2,"8":2,"9":2,"10":2,"11":2,"12":2,"13":2,"14":2,"15":2,"16":2,"17":2,"18":2,"19":26,"20":26,"21":26,"22":13,"23":12,"24":10,"25":7,"26":2,"27":2,"28":2,"29":14,"30":14,"31":14,"32":14,"33":14,"34":14,"35":14,"36":6,"37":14,"38":8,"39":8,"40":2,"41":2,"42":1,"43":1,"44":1,"45":1,"46":1,"47":1,"48":1,"49":1,"50":2,"51":2,"52":6,"53":6,"54":6,"55":2,"56":6,"57":6,"58":6,"59":6,"60":6,"61":6,"62":6,"63":6,"64":6,"65":6,"66":6,"67":6,"68":6,"69":6,"70":6,"71":6,"72":6,"73":6,"74":6,"75":6,"76":1,"77":1,"78":1,"79":1,"80":1,"81":1,"82":1,"83":60,"84":60,"85":60,"86":59,"87":59,"88":59,"89":59,"90":59,"91":59,"92":60,"93":60,"94":60,"95":60,"96":60,"97":60,"98":1,"99":1,"100":0,"101":0,"102":0,"103":0,"104":0,"105":0,"106":1,"107":1,"108":0,"109":0,"110":0,"111":0,"112":6,"113":5,"114":0,"115":0,"116":0,"117":5,"118":5,"119":1,"120":1,"121":1,"122":4,"123":5,"124":3,"125":3,"126":3,"127":1,"128":5,"129":0,"130":0,"131":0,"132":5,"133":6,"134":6},"branchMap":{"0":{"type":"branch","line":19,"loc":{"start":{"line":19,"column":7},"end":{"line":27,"column":1}},"locations":[{"start":{"line":19,"column":7},"end":{"line":27,"column":1}}]},"1":{"type":"branch","line":22,"loc":{"start":{"line":22,"column":25},"end":{"line":22,"column":38}},"locations":[{"start":{"line":22,"column":25},"end":{"line":22,"column":38}}]},"2":{"type":"branch","line":22,"loc":{"start":{"line":22,"column":32},"end":{"line":23,"column":23}},"locations":[{"start":{"line":22,"column":32},"end":{"line":23,"column":23}}]},"3":{"type":"branch","line":23,"loc":{"start":{"line":23,"column":22},"end":{"line":24,"column":25}},"locations":[{"start":{"line":23,"column":22},"end":{"line":24,"column":25}}]},"4":{"type":"branch","line":24,"loc":{"start":{"line":24,"column":24},"end":{"line":25,"column":29}},"locations":[{"start":{"line":24,"column":24},"end":{"line":25,"column":29}}]},"5":{"type":"branch","line":25,"loc":{"start":{"line":25,"column":28},"end":{"line":26,"column":32}},"locations":[{"start":{"line":25,"column":28},"end":{"line":26,"column":32}}]},"6":{"type":"branch","line":29,"loc":{"start":{"line":29,"column":7},"end":{"line":40,"column":1}},"locations":[{"start":{"line":29,"column":7},"end":{"line":40,"column":1}}]},"7":{"type":"branch","line":31,"loc":{"start":{"line":31,"column":4},"end":{"line":31,"column":15}},"locations":[{"start":{"line":31,"column":4},"end":{"line":31,"column":15}}]},"8":{"type":"branch","line":32,"loc":{"start":{"line":32,"column":4},"end":{"line":32,"column":15}},"locations":[{"start":{"line":32,"column":4},"end":{"line":32,"column":15}}]},"9":{"type":"branch","line":33,"loc":{"start":{"line":33,"column":4},"end":{"line":33,"column":16}},"locations":[{"start":{"line":33,"column":4},"end":{"line":33,"column":16}}]},"10":{"type":"branch","line":34,"loc":{"start":{"line":34,"column":4},"end":{"line":34,"column":17}},"locations":[{"start":{"line":34,"column":4},"end":{"line":34,"column":17}}]},"11":{"type":"branch","line":35,"loc":{"start":{"line":35,"column":4},"end":{"line":35,"column":20}},"locations":[{"start":{"line":35,"column":4},"end":{"line":35,"column":20}}]},"12":{"type":"branch","line":36,"loc":{"start":{"line":36,"column":4},"end":{"line":37,"column":16}},"locations":[{"start":{"line":36,"column":4},"end":{"line":37,"column":16}}]},"13":{"type":"branch","line":38,"loc":{"start":{"line":38,"column":2},"end":{"line":40,"column":1}},"locations":[{"start":{"line":38,"column":2},"end":{"line":40,"column":1}}]},"14":{"type":"branch","line":42,"loc":{"start":{"line":42,"column":7},"end":{"line":50,"column":1}},"locations":[{"start":{"line":42,"column":7},"end":{"line":50,"column":1}}]},"15":{"type":"branch","line":52,"loc":{"start":{"line":52,"column":7},"end":{"line":55,"column":1}},"locations":[{"start":{"line":52,"column":7},"end":{"line":55,"column":1}}]},"16":{"type":"branch","line":22,"loc":{"start":{"line":22,"column":25},"end":{"line":24,"column":25}},"locations":[{"start":{"line":22,"column":25},"end":{"line":24,"column":25}}]},"17":{"type":"branch","line":22,"loc":{"start":{"line":22,"column":32},"end":{"line":24,"column":25}},"locations":[{"start":{"line":22,"column":32},"end":{"line":24,"column":25}}]},"18":{"type":"branch","line":57,"loc":{"start":{"line":57,"column":0},"end":{"line":135,"column":1}},"locations":[{"start":{"line":57,"column":0},"end":{"line":135,"column":1}}]},"19":{"type":"branch","line":74,"loc":{"start":{"line":74,"column":44},"end":{"line":74,"column":84}},"locations":[{"start":{"line":74,"column":44},"end":{"line":74,"column":84}}]},"20":{"type":"branch","line":76,"loc":{"start":{"line":76,"column":17},"end":{"line":113,"column":11}},"locations":[{"start":{"line":76,"column":17},"end":{"line":113,"column":11}}]},"21":{"type":"branch","line":83,"loc":{"start":{"line":83,"column":36},"end":{"line":98,"column":7}},"locations":[{"start":{"line":83,"column":36},"end":{"line":98,"column":7}}]},"22":{"type":"branch","line":86,"loc":{"start":{"line":86,"column":19},"end":{"line":92,"column":9}},"locations":[{"start":{"line":86,"column":19},"end":{"line":92,"column":9}}]},"23":{"type":"branch","line":96,"loc":{"start":{"line":96,"column":39},"end":{"line":96,"column":60}},"locations":[{"start":{"line":96,"column":39},"end":{"line":96,"column":60}}]},"24":{"type":"branch","line":100,"loc":{"start":{"line":100,"column":23},"end":{"line":106,"column":7}},"locations":[{"start":{"line":100,"column":23},"end":{"line":106,"column":7}}]},"25":{"type":"branch","line":108,"loc":{"start":{"line":108,"column":35},"end":{"line":112,"column":7}},"locations":[{"start":{"line":108,"column":35},"end":{"line":112,"column":7}}]},"26":{"type":"branch","line":113,"loc":{"start":{"line":113,"column":4},"end":{"line":133,"column":5}},"locations":[{"start":{"line":113,"column":4},"end":{"line":133,"column":5}}]},"27":{"type":"branch","line":114,"loc":{"start":{"line":114,"column":23},"end":{"line":117,"column":7}},"locations":[{"start":{"line":114,"column":23},"end":{"line":117,"column":7}}]},"28":{"type":"branch","line":119,"loc":{"start":{"line":119,"column":34},"end":{"line":124,"column":35}},"locations":[{"start":{"line":119,"column":34},"end":{"line":124,"column":35}}]},"29":{"type":"branch","line":119,"loc":{"start":{"line":119,"column":34},"end":{"line":122,"column":7}},"locations":[{"start":{"line":119,"column":34},"end":{"line":122,"column":7}}]},"30":{"type":"branch","line":124,"loc":{"start":{"line":124,"column":35},"end":{"line":127,"column":7}},"locations":[{"start":{"line":124,"column":35},"end":{"line":127,"column":7}}]},"31":{"type":"branch","line":127,"loc":{"start":{"line":127,"column":6},"end":{"line":129,"column":49}},"locations":[{"start":{"line":127,"column":6},"end":{"line":129,"column":49}}]},"32":{"type":"branch","line":127,"loc":{"start":{"line":127,"column":6},"end":{"line":129,"column":40}},"locations":[{"start":{"line":127,"column":6},"end":{"line":129,"column":40}}]},"33":{"type":"branch","line":129,"loc":{"start":{"line":129,"column":24},"end":{"line":129,"column":49}},"locations":[{"start":{"line":129,"column":24},"end":{"line":129,"column":49}}]},"34":{"type":"branch","line":129,"loc":{"start":{"line":129,"column":52},"end":{"line":132,"column":7}},"locations":[{"start":{"line":129,"column":52},"end":{"line":132,"column":7}}]}},"b":{"0":[26],"1":[13],"2":[13],"3":[15],"4":[10],"5":[7],"6":[14],"7":[1],"8":[2],"9":[3],"10":[4],"11":[5],"12":[6],"13":[8],"14":[1],"15":[6],"16":[21],"17":[18],"18":[6],"19":[0],"20":[1],"21":[60],"22":[59],"23":[0],"24":[0],"25":[0],"26":[5],"27":[0],"28":[4],"29":[1],"30":[3],"31":[2],"32":[1],"33":[0],"34":[0]},"fnMap":{"0":{"name":"isNonRawBodyInit","decl":{"start":{"line":19,"column":7},"end":{"line":27,"column":1}},"loc":{"start":{"line":19,"column":7},"end":{"line":27,"column":1}},"line":19},"1":{"name":"isRawTextBody","decl":{"start":{"line":29,"column":7},"end":{"line":40,"column":1}},"loc":{"start":{"line":29,"column":7},"end":{"line":40,"column":1}},"line":29},"2":{"name":"downloader","decl":{"start":{"line":42,"column":7},"end":{"line":50,"column":1}},"loc":{"start":{"line":42,"column":7},"end":{"line":50,"column":1}},"line":42},"3":{"name":"src2name","decl":{"start":{"line":52,"column":7},"end":{"line":55,"column":1}},"loc":{"start":{"line":52,"column":7},"end":{"line":55,"column":1}},"line":52},"4":{"name":"driveBody","decl":{"start":{"line":57,"column":0},"end":{"line":135,"column":1}},"loc":{"start":{"line":57,"column":0},"end":{"line":135,"column":1}},"line":57}},"f":{"0":26,"1":14,"2":1,"3":6,"4":6}}
}
