{"/Users/mangosetsuna/Workspace/Busymango/fetch-driver/src/compose.ts": {"path":"/Users/mangosetsuna/Workspace/Busymango/fetch-driver/src/compose.ts","all":false,"statementMap":{"7":{"start":{"line":8,"column":0},"end":{"line":8,"column":73}},"8":{"start":{"line":9,"column":0},"end":{"line":9,"column":45}},"9":{"start":{"line":10,"column":0},"end":{"line":10,"column":35}},"11":{"start":{"line":12,"column":0},"end":{"line":12,"column":53}},"12":{"start":{"line":13,"column":0},"end":{"line":13,"column":29}},"14":{"start":{"line":15,"column":0},"end":{"line":15,"column":41}},"15":{"start":{"line":16,"column":0},"end":{"line":16,"column":41}},"16":{"start":{"line":17,"column":0},"end":{"line":17,"column":7}},"18":{"start":{"line":19,"column":0},"end":{"line":19,"column":44}},"20":{"start":{"line":21,"column":0},"end":{"line":21,"column":29}},"21":{"start":{"line":22,"column":0},"end":{"line":22,"column":60}},"22":{"start":{"line":23,"column":0},"end":{"line":23,"column":8}},"23":{"start":{"line":24,"column":0},"end":{"line":24,"column":5}},"25":{"start":{"line":26,"column":0},"end":{"line":26,"column":23}},"26":{"start":{"line":27,"column":0},"end":{"line":27,"column":4}},"27":{"start":{"line":28,"column":0},"end":{"line":28,"column":1}}},"s":{"7":1,"8":11,"9":11,"11":11,"12":14,"14":14,"15":11,"16":11,"18":3,"20":3,"21":3,"22":3,"23":14,"25":11,"26":11,"27":11},"branchMap":{"0":{"type":"branch","line":8,"loc":{"start":{"line":8,"column":7},"end":{"line":28,"column":1}},"locations":[{"start":{"line":8,"column":7},"end":{"line":28,"column":1}}]},"1":{"type":"branch","line":9,"loc":{"start":{"line":9,"column":9},"end":{"line":27,"column":4}},"locations":[{"start":{"line":9,"column":9},"end":{"line":27,"column":4}}]},"2":{"type":"branch","line":12,"loc":{"start":{"line":12,"column":4},"end":{"line":24,"column":5}},"locations":[{"start":{"line":12,"column":4},"end":{"line":24,"column":5}}]},"3":{"type":"branch","line":15,"loc":{"start":{"line":15,"column":40},"end":{"line":23,"column":8}},"locations":[{"start":{"line":15,"column":40},"end":{"line":23,"column":8}}]},"4":{"type":"branch","line":15,"loc":{"start":{"line":15,"column":40},"end":{"line":17,"column":7}},"locations":[{"start":{"line":15,"column":40},"end":{"line":17,"column":7}}]},"5":{"type":"branch","line":17,"loc":{"start":{"line":17,"column":6},"end":{"line":23,"column":8}},"locations":[{"start":{"line":17,"column":6},"end":{"line":23,"column":8}}]}},"b":{"0":[11],"1":[11],"2":[14],"3":[13],"4":[11],"5":[3]},"fnMap":{"0":{"name":"compose","decl":{"start":{"line":8,"column":7},"end":{"line":28,"column":1}},"loc":{"start":{"line":8,"column":7},"end":{"line":28,"column":1}},"line":8},"1":{"name":"dispatch","decl":{"start":{"line":12,"column":4},"end":{"line":24,"column":5}},"loc":{"start":{"line":12,"column":4},"end":{"line":24,"column":5}},"line":12}},"f":{"0":11,"1":14}}
,"/Users/mangosetsuna/Workspace/Busymango/fetch-driver/src/context.ts": {"path":"/Users/mangosetsuna/Workspace/Busymango/fetch-driver/src/context.ts","all":false,"statementMap":{"4":{"start":{"line":5,"column":0},"end":{"line":5,"column":24}},"6":{"start":{"line":7,"column":0},"end":{"line":7,"column":8}},"16":{"start":{"line":17,"column":0},"end":{"line":17,"column":49}},"19":{"start":{"line":20,"column":0},"end":{"line":20,"column":43}},"21":{"start":{"line":22,"column":0},"end":{"line":22,"column":48}},"23":{"start":{"line":24,"column":0},"end":{"line":24,"column":21}},"26":{"start":{"line":27,"column":0},"end":{"line":27,"column":38}},"29":{"start":{"line":30,"column":0},"end":{"line":30,"column":18}},"32":{"start":{"line":33,"column":0},"end":{"line":33,"column":23}},"35":{"start":{"line":36,"column":0},"end":{"line":36,"column":29}},"38":{"start":{"line":39,"column":0},"end":{"line":39,"column":31}},"41":{"start":{"line":42,"column":0},"end":{"line":42,"column":34}},"43":{"start":{"line":44,"column":0},"end":{"line":44,"column":65}},"44":{"start":{"line":45,"column":0},"end":{"line":45,"column":49}},"46":{"start":{"line":47,"column":0},"end":{"line":47,"column":19}},"47":{"start":{"line":48,"column":0},"end":{"line":48,"column":21}},"48":{"start":{"line":49,"column":0},"end":{"line":49,"column":20}},"49":{"start":{"line":50,"column":0},"end":{"line":50,"column":17}},"50":{"start":{"line":51,"column":0},"end":{"line":51,"column":36}},"51":{"start":{"line":52,"column":0},"end":{"line":52,"column":6}},"52":{"start":{"line":53,"column":0},"end":{"line":53,"column":3}},"55":{"start":{"line":56,"column":0},"end":{"line":56,"column":27}},"56":{"start":{"line":57,"column":0},"end":{"line":57,"column":31}},"58":{"start":{"line":59,"column":0},"end":{"line":59,"column":34}},"59":{"start":{"line":60,"column":0},"end":{"line":60,"column":33}},"60":{"start":{"line":61,"column":0},"end":{"line":61,"column":37}},"61":{"start":{"line":62,"column":0},"end":{"line":62,"column":39}},"62":{"start":{"line":63,"column":0},"end":{"line":63,"column":53}},"63":{"start":{"line":64,"column":0},"end":{"line":64,"column":70}},"64":{"start":{"line":65,"column":0},"end":{"line":65,"column":5}},"65":{"start":{"line":66,"column":0},"end":{"line":66,"column":4}},"68":{"start":{"line":69,"column":0},"end":{"line":69,"column":28}},"69":{"start":{"line":70,"column":0},"end":{"line":70,"column":43}},"71":{"start":{"line":72,"column":0},"end":{"line":72,"column":22}},"72":{"start":{"line":73,"column":0},"end":{"line":73,"column":28}},"73":{"start":{"line":74,"column":0},"end":{"line":74,"column":35}},"74":{"start":{"line":75,"column":0},"end":{"line":75,"column":33}},"75":{"start":{"line":76,"column":0},"end":{"line":76,"column":7}},"76":{"start":{"line":77,"column":0},"end":{"line":77,"column":49}},"77":{"start":{"line":78,"column":0},"end":{"line":78,"column":35}},"78":{"start":{"line":79,"column":0},"end":{"line":79,"column":41}},"80":{"start":{"line":81,"column":0},"end":{"line":81,"column":49}},"81":{"start":{"line":82,"column":0},"end":{"line":82,"column":53}},"82":{"start":{"line":83,"column":0},"end":{"line":83,"column":7}},"83":{"start":{"line":84,"column":0},"end":{"line":84,"column":5}},"84":{"start":{"line":85,"column":0},"end":{"line":85,"column":4}},"87":{"start":{"line":88,"column":0},"end":{"line":88,"column":30}},"88":{"start":{"line":89,"column":0},"end":{"line":89,"column":31}},"89":{"start":{"line":90,"column":0},"end":{"line":90,"column":36}},"90":{"start":{"line":91,"column":0},"end":{"line":91,"column":57}},"91":{"start":{"line":92,"column":0},"end":{"line":92,"column":5}},"92":{"start":{"line":93,"column":0},"end":{"line":93,"column":4}},"95":{"start":{"line":96,"column":0},"end":{"line":96,"column":23}},"96":{"start":{"line":97,"column":0},"end":{"line":97,"column":19}},"97":{"start":{"line":98,"column":0},"end":{"line":98,"column":20}},"98":{"start":{"line":99,"column":0},"end":{"line":99,"column":22}},"99":{"start":{"line":100,"column":0},"end":{"line":100,"column":4}},"102":{"start":{"line":103,"column":0},"end":{"line":103,"column":44}},"103":{"start":{"line":104,"column":0},"end":{"line":104,"column":59}},"104":{"start":{"line":105,"column":0},"end":{"line":105,"column":47}},"106":{"start":{"line":107,"column":0},"end":{"line":107,"column":46}},"107":{"start":{"line":108,"column":0},"end":{"line":108,"column":52}},"108":{"start":{"line":109,"column":0},"end":{"line":109,"column":5}},"109":{"start":{"line":110,"column":0},"end":{"line":110,"column":4}},"112":{"start":{"line":113,"column":0},"end":{"line":113,"column":49}},"113":{"start":{"line":114,"column":0},"end":{"line":114,"column":33}},"114":{"start":{"line":115,"column":0},"end":{"line":115,"column":45}},"116":{"start":{"line":117,"column":0},"end":{"line":117,"column":33}},"117":{"start":{"line":118,"column":0},"end":{"line":118,"column":37}},"120":{"start":{"line":121,"column":0},"end":{"line":121,"column":38}},"121":{"start":{"line":122,"column":0},"end":{"line":122,"column":38}},"122":{"start":{"line":123,"column":0},"end":{"line":123,"column":54}},"123":{"start":{"line":124,"column":0},"end":{"line":124,"column":61}},"124":{"start":{"line":125,"column":0},"end":{"line":125,"column":40}},"125":{"start":{"line":126,"column":0},"end":{"line":126,"column":9}},"126":{"start":{"line":127,"column":0},"end":{"line":127,"column":7}},"129":{"start":{"line":130,"column":0},"end":{"line":130,"column":43}},"130":{"start":{"line":131,"column":0},"end":{"line":131,"column":45}},"131":{"start":{"line":132,"column":0},"end":{"line":132,"column":60}},"132":{"start":{"line":133,"column":0},"end":{"line":133,"column":5}},"133":{"start":{"line":134,"column":0},"end":{"line":134,"column":4}},"134":{"start":{"line":135,"column":0},"end":{"line":135,"column":1}}},"s":{"4":1,"6":1,"16":1,"19":1,"21":17,"23":17,"26":17,"29":17,"32":17,"35":17,"38":17,"41":17,"43":17,"44":17,"46":17,"47":17,"48":17,"49":17,"50":17,"51":17,"52":17,"55":17,"56":17,"58":17,"59":2,"60":2,"61":2,"62":2,"63":2,"64":2,"65":17,"68":17,"69":17,"71":17,"72":17,"73":17,"74":2,"75":2,"76":17,"77":4,"78":4,"80":4,"81":4,"82":4,"83":17,"84":17,"87":17,"88":17,"89":15,"90":15,"91":15,"92":17,"95":17,"96":17,"97":17,"98":17,"99":17,"102":17,"103":10,"104":1,"106":1,"107":1,"108":1,"109":10,"112":17,"113":9,"114":9,"116":9,"117":9,"120":9,"121":13,"122":13,"123":13,"124":9,"125":9,"126":13,"129":9,"130":9,"131":9,"132":9,"133":9,"134":17},"branchMap":{"0":{"type":"branch","line":22,"loc":{"start":{"line":22,"column":0},"end":{"line":135,"column":1}},"locations":[{"start":{"line":22,"column":0},"end":{"line":135,"column":1}}]},"1":{"type":"branch","line":44,"loc":{"start":{"line":44,"column":2},"end":{"line":53,"column":3}},"locations":[{"start":{"line":44,"column":2},"end":{"line":53,"column":3}}]},"2":{"type":"branch","line":45,"loc":{"start":{"line":45,"column":36},"end":{"line":45,"column":49}},"locations":[{"start":{"line":45,"column":36},"end":{"line":45,"column":49}}]},"3":{"type":"branch","line":56,"loc":{"start":{"line":56,"column":20},"end":{"line":66,"column":4}},"locations":[{"start":{"line":56,"column":20},"end":{"line":66,"column":4}}]},"4":{"type":"branch","line":59,"loc":{"start":{"line":59,"column":33},"end":{"line":65,"column":5}},"locations":[{"start":{"line":59,"column":33},"end":{"line":65,"column":5}}]},"5":{"type":"branch","line":69,"loc":{"start":{"line":69,"column":21},"end":{"line":85,"column":4}},"locations":[{"start":{"line":69,"column":21},"end":{"line":85,"column":4}}]},"6":{"type":"branch","line":74,"loc":{"start":{"line":74,"column":34},"end":{"line":76,"column":7}},"locations":[{"start":{"line":74,"column":34},"end":{"line":76,"column":7}}]},"7":{"type":"branch","line":77,"loc":{"start":{"line":77,"column":22},"end":{"line":77,"column":48}},"locations":[{"start":{"line":77,"column":22},"end":{"line":77,"column":48}}]},"8":{"type":"branch","line":77,"loc":{"start":{"line":77,"column":48},"end":{"line":83,"column":7}},"locations":[{"start":{"line":77,"column":48},"end":{"line":83,"column":7}}]},"9":{"type":"branch","line":88,"loc":{"start":{"line":88,"column":23},"end":{"line":93,"column":4}},"locations":[{"start":{"line":88,"column":23},"end":{"line":93,"column":4}}]},"10":{"type":"branch","line":89,"loc":{"start":{"line":89,"column":30},"end":{"line":92,"column":5}},"locations":[{"start":{"line":89,"column":30},"end":{"line":92,"column":5}}]},"11":{"type":"branch","line":91,"loc":{"start":{"line":91,"column":38},"end":{"line":91,"column":50}},"locations":[{"start":{"line":91,"column":38},"end":{"line":91,"column":50}}]},"12":{"type":"branch","line":91,"loc":{"start":{"line":91,"column":42},"end":{"line":91,"column":57}},"locations":[{"start":{"line":91,"column":42},"end":{"line":91,"column":57}}]},"13":{"type":"branch","line":96,"loc":{"start":{"line":96,"column":16},"end":{"line":100,"column":4}},"locations":[{"start":{"line":96,"column":16},"end":{"line":100,"column":4}}]},"14":{"type":"branch","line":103,"loc":{"start":{"line":103,"column":21},"end":{"line":110,"column":4}},"locations":[{"start":{"line":103,"column":21},"end":{"line":110,"column":4}}]},"15":{"type":"branch","line":104,"loc":{"start":{"line":104,"column":58},"end":{"line":109,"column":5}},"locations":[{"start":{"line":104,"column":58},"end":{"line":109,"column":5}}]},"16":{"type":"branch","line":108,"loc":{"start":{"line":108,"column":17},"end":{"line":108,"column":43}},"locations":[{"start":{"line":108,"column":17},"end":{"line":108,"column":43}}]},"17":{"type":"branch","line":113,"loc":{"start":{"line":113,"column":24},"end":{"line":134,"column":4}},"locations":[{"start":{"line":113,"column":24},"end":{"line":134,"column":4}}]},"18":{"type":"branch","line":121,"loc":{"start":{"line":121,"column":37},"end":{"line":127,"column":7}},"locations":[{"start":{"line":121,"column":37},"end":{"line":127,"column":7}}]},"19":{"type":"branch","line":124,"loc":{"start":{"line":124,"column":30},"end":{"line":124,"column":60}},"locations":[{"start":{"line":124,"column":30},"end":{"line":124,"column":60}}]},"20":{"type":"branch","line":124,"loc":{"start":{"line":124,"column":60},"end":{"line":126,"column":9}},"locations":[{"start":{"line":124,"column":60},"end":{"line":126,"column":9}}]},"21":{"type":"branch","line":132,"loc":{"start":{"line":132,"column":29},"end":{"line":132,"column":60}},"locations":[{"start":{"line":132,"column":29},"end":{"line":132,"column":60}}]}},"b":{"0":[17],"1":[17],"2":[7],"3":[17],"4":[2],"5":[17],"6":[2],"7":[16],"8":[4],"9":[17],"10":[15],"11":[10],"12":[5],"13":[17],"14":[10],"15":[1],"16":[1],"17":[9],"18":[13],"19":[9],"20":[9],"21":[3]},"fnMap":{"0":{"name":"<instance_members_initializer>","decl":{"start":{"line":22,"column":0},"end":{"line":135,"column":1}},"loc":{"start":{"line":22,"column":0},"end":{"line":135,"column":1}},"line":22},"1":{"name":"DriveContext","decl":{"start":{"line":44,"column":2},"end":{"line":53,"column":3}},"loc":{"start":{"line":44,"column":2},"end":{"line":53,"column":3}},"line":44},"2":{"name":"initApi","decl":{"start":{"line":56,"column":20},"end":{"line":66,"column":4}},"loc":{"start":{"line":56,"column":20},"end":{"line":66,"column":4}},"line":56},"3":{"name":"initBody","decl":{"start":{"line":69,"column":21},"end":{"line":85,"column":4}},"loc":{"start":{"line":69,"column":21},"end":{"line":85,"column":4}},"line":69},"4":{"name":"initMethod","decl":{"start":{"line":88,"column":23},"end":{"line":93,"column":4}},"loc":{"start":{"line":88,"column":23},"end":{"line":93,"column":4}},"line":88},"5":{"name":"init","decl":{"start":{"line":96,"column":16},"end":{"line":100,"column":4}},"loc":{"start":{"line":96,"column":16},"end":{"line":100,"column":4}},"line":96},"6":{"name":"initAbort","decl":{"start":{"line":103,"column":21},"end":{"line":110,"column":4}},"loc":{"start":{"line":103,"column":21},"end":{"line":110,"column":4}},"line":103},"7":{"name":"decodeHeader","decl":{"start":{"line":113,"column":24},"end":{"line":134,"column":4}},"loc":{"start":{"line":113,"column":24},"end":{"line":134,"column":4}},"line":113}},"f":{"0":17,"1":17,"2":17,"3":17,"4":17,"5":17,"6":10,"7":9}}
,"/Users/mangosetsuna/Workspace/Busymango/fetch-driver/src/fetch.ts": {"path":"/Users/mangosetsuna/Workspace/Busymango/fetch-driver/src/fetch.ts","all":false,"statementMap":{"5":{"start":{"line":6,"column":0},"end":{"line":6,"column":54}},"7":{"start":{"line":8,"column":0},"end":{"line":8,"column":36}},"8":{"start":{"line":9,"column":0},"end":{"line":9,"column":37}},"19":{"start":{"line":20,"column":0},"end":{"line":20,"column":34}},"20":{"start":{"line":21,"column":0},"end":{"line":21,"column":34}},"22":{"start":{"line":23,"column":0},"end":{"line":23,"column":17}},"23":{"start":{"line":24,"column":0},"end":{"line":24,"column":23}},"24":{"start":{"line":25,"column":0},"end":{"line":25,"column":16}},"25":{"start":{"line":26,"column":0},"end":{"line":26,"column":39}},"26":{"start":{"line":27,"column":0},"end":{"line":27,"column":20}},"27":{"start":{"line":28,"column":0},"end":{"line":28,"column":36}},"28":{"start":{"line":29,"column":0},"end":{"line":29,"column":39}},"29":{"start":{"line":30,"column":0},"end":{"line":30,"column":1}},"37":{"start":{"line":38,"column":0},"end":{"line":38,"column":34}},"38":{"start":{"line":39,"column":0},"end":{"line":39,"column":31}},"40":{"start":{"line":41,"column":0},"end":{"line":41,"column":40}},"42":{"start":{"line":43,"column":0},"end":{"line":43,"column":45}},"43":{"start":{"line":44,"column":0},"end":{"line":44,"column":68}},"45":{"start":{"line":46,"column":0},"end":{"line":46,"column":32}},"46":{"start":{"line":47,"column":0},"end":{"line":47,"column":39}},"48":{"start":{"line":49,"column":0},"end":{"line":49,"column":33}},"49":{"start":{"line":50,"column":0},"end":{"line":50,"column":68}},"50":{"start":{"line":51,"column":0},"end":{"line":51,"column":62}},"51":{"start":{"line":52,"column":0},"end":{"line":52,"column":64}},"52":{"start":{"line":53,"column":0},"end":{"line":53,"column":7}},"53":{"start":{"line":54,"column":0},"end":{"line":54,"column":3}},"55":{"start":{"line":56,"column":0},"end":{"line":56,"column":30}},"56":{"start":{"line":57,"column":0},"end":{"line":57,"column":8}},"57":{"start":{"line":58,"column":0},"end":{"line":58,"column":8}},"58":{"start":{"line":59,"column":0},"end":{"line":59,"column":9}},"59":{"start":{"line":60,"column":0},"end":{"line":60,"column":12}},"60":{"start":{"line":61,"column":0},"end":{"line":61,"column":13}},"61":{"start":{"line":62,"column":0},"end":{"line":62,"column":21}},"62":{"start":{"line":63,"column":0},"end":{"line":63,"column":11}},"63":{"start":{"line":64,"column":0},"end":{"line":64,"column":26}},"64":{"start":{"line":65,"column":0},"end":{"line":65,"column":57}},"66":{"start":{"line":67,"column":0},"end":{"line":67,"column":43}},"67":{"start":{"line":68,"column":0},"end":{"line":68,"column":61}},"68":{"start":{"line":69,"column":0},"end":{"line":69,"column":6}},"70":{"start":{"line":71,"column":0},"end":{"line":71,"column":41}},"71":{"start":{"line":72,"column":0},"end":{"line":72,"column":41}},"72":{"start":{"line":73,"column":0},"end":{"line":73,"column":21}},"73":{"start":{"line":74,"column":0},"end":{"line":74,"column":40}},"75":{"start":{"line":76,"column":0},"end":{"line":76,"column":33}},"77":{"start":{"line":78,"column":0},"end":{"line":78,"column":39}},"79":{"start":{"line":80,"column":0},"end":{"line":80,"column":42}},"80":{"start":{"line":81,"column":0},"end":{"line":81,"column":44}},"81":{"start":{"line":82,"column":0},"end":{"line":82,"column":42}},"83":{"start":{"line":84,"column":0},"end":{"line":84,"column":29}},"84":{"start":{"line":85,"column":0},"end":{"line":85,"column":32}},"86":{"start":{"line":87,"column":0},"end":{"line":87,"column":42}},"87":{"start":{"line":88,"column":0},"end":{"line":88,"column":46}},"88":{"start":{"line":89,"column":0},"end":{"line":89,"column":41}},"89":{"start":{"line":90,"column":0},"end":{"line":90,"column":7}},"91":{"start":{"line":92,"column":0},"end":{"line":92,"column":38}},"92":{"start":{"line":93,"column":0},"end":{"line":93,"column":4}},"94":{"start":{"line":95,"column":0},"end":{"line":95,"column":57}},"95":{"start":{"line":96,"column":0},"end":{"line":96,"column":52}},"96":{"start":{"line":97,"column":0},"end":{"line":97,"column":18}},"97":{"start":{"line":98,"column":0},"end":{"line":98,"column":1}}},"s":{"5":1,"7":1,"8":1,"19":1,"20":1,"22":6,"23":6,"24":6,"25":6,"26":6,"27":6,"28":3,"29":3,"37":4,"38":4,"40":4,"42":4,"43":4,"45":4,"46":4,"48":4,"49":36,"50":36,"51":2,"52":4,"53":4,"55":4,"56":10,"57":10,"58":10,"59":10,"60":10,"61":10,"62":10,"63":10,"64":10,"66":10,"67":10,"68":10,"70":10,"71":10,"72":10,"73":10,"75":10,"77":10,"79":10,"80":10,"81":10,"83":10,"84":10,"86":10,"87":10,"88":10,"89":10,"91":9,"92":10,"94":4,"95":4,"96":4,"97":4},"branchMap":{"0":{"type":"branch","line":23,"loc":{"start":{"line":23,"column":0},"end":{"line":30,"column":1}},"locations":[{"start":{"line":23,"column":0},"end":{"line":30,"column":1}}]},"1":{"type":"branch","line":28,"loc":{"start":{"line":28,"column":23},"end":{"line":30,"column":1}},"locations":[{"start":{"line":28,"column":23},"end":{"line":30,"column":1}}]},"2":{"type":"branch","line":38,"loc":{"start":{"line":38,"column":0},"end":{"line":98,"column":1}},"locations":[{"start":{"line":38,"column":0},"end":{"line":98,"column":1}}]},"3":{"type":"branch","line":43,"loc":{"start":{"line":43,"column":2},"end":{"line":54,"column":3}},"locations":[{"start":{"line":43,"column":2},"end":{"line":54,"column":3}}]},"4":{"type":"branch","line":47,"loc":{"start":{"line":47,"column":29},"end":{"line":47,"column":39}},"locations":[{"start":{"line":47,"column":29},"end":{"line":47,"column":39}}]},"5":{"type":"branch","line":44,"loc":{"start":{"line":44,"column":20},"end":{"line":44,"column":66}},"locations":[{"start":{"line":44,"column":20},"end":{"line":44,"column":66}}]},"6":{"type":"branch","line":44,"loc":{"start":{"line":44,"column":39},"end":{"line":44,"column":59}},"locations":[{"start":{"line":44,"column":39},"end":{"line":44,"column":59}}]},"7":{"type":"branch","line":44,"loc":{"start":{"line":44,"column":55},"end":{"line":44,"column":66}},"locations":[{"start":{"line":44,"column":55},"end":{"line":44,"column":66}}]},"8":{"type":"branch","line":49,"loc":{"start":{"line":49,"column":20},"end":{"line":53,"column":5}},"locations":[{"start":{"line":49,"column":20},"end":{"line":53,"column":5}}]},"9":{"type":"branch","line":51,"loc":{"start":{"line":51,"column":25},"end":{"line":52,"column":64}},"locations":[{"start":{"line":51,"column":25},"end":{"line":52,"column":64}}]},"10":{"type":"branch","line":56,"loc":{"start":{"line":56,"column":19},"end":{"line":93,"column":4}},"locations":[{"start":{"line":56,"column":19},"end":{"line":93,"column":4}}]},"11":{"type":"branch","line":90,"loc":{"start":{"line":90,"column":5},"end":{"line":92,"column":38}},"locations":[{"start":{"line":90,"column":5},"end":{"line":92,"column":38}}]},"12":{"type":"branch","line":71,"loc":{"start":{"line":71,"column":28},"end":{"line":90,"column":5}},"locations":[{"start":{"line":71,"column":28},"end":{"line":90,"column":5}}]},"13":{"type":"branch","line":72,"loc":{"start":{"line":72,"column":11},"end":{"line":72,"column":41}},"locations":[{"start":{"line":72,"column":11},"end":{"line":72,"column":41}}]},"14":{"type":"branch","line":72,"loc":{"start":{"line":72,"column":11},"end":{"line":72,"column":32}},"locations":[{"start":{"line":72,"column":11},"end":{"line":72,"column":32}}]},"15":{"type":"branch","line":72,"loc":{"start":{"line":72,"column":19},"end":{"line":72,"column":41}},"locations":[{"start":{"line":72,"column":19},"end":{"line":72,"column":41}}]},"16":{"type":"branch","line":74,"loc":{"start":{"line":74,"column":11},"end":{"line":74,"column":40}},"locations":[{"start":{"line":74,"column":11},"end":{"line":74,"column":40}}]},"17":{"type":"branch","line":74,"loc":{"start":{"line":74,"column":11},"end":{"line":74,"column":31}},"locations":[{"start":{"line":74,"column":11},"end":{"line":74,"column":31}}]},"18":{"type":"branch","line":74,"loc":{"start":{"line":74,"column":19},"end":{"line":74,"column":40}},"locations":[{"start":{"line":74,"column":19},"end":{"line":74,"column":40}}]},"19":{"type":"branch","line":80,"loc":{"start":{"line":80,"column":11},"end":{"line":80,"column":42}},"locations":[{"start":{"line":80,"column":11},"end":{"line":80,"column":42}}]},"20":{"type":"branch","line":81,"loc":{"start":{"line":81,"column":42},"end":{"line":82,"column":19}},"locations":[{"start":{"line":81,"column":42},"end":{"line":82,"column":19}}]},"21":{"type":"branch","line":82,"loc":{"start":{"line":82,"column":11},"end":{"line":82,"column":42}},"locations":[{"start":{"line":82,"column":11},"end":{"line":82,"column":42}}]},"22":{"type":"branch","line":87,"loc":{"start":{"line":87,"column":11},"end":{"line":87,"column":42}},"locations":[{"start":{"line":87,"column":11},"end":{"line":87,"column":42}}]},"23":{"type":"branch","line":87,"loc":{"start":{"line":87,"column":11},"end":{"line":87,"column":33}},"locations":[{"start":{"line":87,"column":11},"end":{"line":87,"column":33}}]},"24":{"type":"branch","line":87,"loc":{"start":{"line":87,"column":19},"end":{"line":87,"column":42}},"locations":[{"start":{"line":87,"column":19},"end":{"line":87,"column":42}}]},"25":{"type":"branch","line":88,"loc":{"start":{"line":88,"column":44},"end":{"line":89,"column":19}},"locations":[{"start":{"line":88,"column":44},"end":{"line":89,"column":19}}]},"26":{"type":"branch","line":89,"loc":{"start":{"line":89,"column":11},"end":{"line":89,"column":41}},"locations":[{"start":{"line":89,"column":11},"end":{"line":89,"column":41}}]},"27":{"type":"branch","line":95,"loc":{"start":{"line":95,"column":18},"end":{"line":97,"column":18}},"locations":[{"start":{"line":95,"column":18},"end":{"line":97,"column":18}}]},"28":{"type":"branch","line":96,"loc":{"start":{"line":96,"column":44},"end":{"line":96,"column":52}},"locations":[{"start":{"line":96,"column":44},"end":{"line":96,"column":52}}]}},"b":{"0":[6],"1":[3],"2":[4],"3":[4],"4":[3],"5":[4],"6":[1],"7":[3],"8":[36],"9":[2],"10":[10],"11":[9],"12":[10],"13":[5],"14":[1],"15":[0],"16":[5],"17":[1],"18":[0],"19":[1],"20":[9],"21":[1],"22":[5],"23":[1],"24":[0],"25":[9],"26":[1],"27":[4],"28":[3]},"fnMap":{"0":{"name":"over","decl":{"start":{"line":23,"column":0},"end":{"line":30,"column":1}},"loc":{"start":{"line":23,"column":0},"end":{"line":30,"column":1}},"line":23},"1":{"name":"<instance_members_initializer>","decl":{"start":{"line":38,"column":0},"end":{"line":98,"column":1}},"loc":{"start":{"line":38,"column":0},"end":{"line":98,"column":1}},"line":38},"2":{"name":"FetchDriver","decl":{"start":{"line":43,"column":2},"end":{"line":54,"column":3}},"loc":{"start":{"line":43,"column":2},"end":{"line":54,"column":3}},"line":43},"3":{"name":"drive.<computed>","decl":{"start":{"line":51,"column":25},"end":{"line":52,"column":64}},"loc":{"start":{"line":51,"column":25},"end":{"line":52,"column":64}},"line":51},"4":{"name":"request","decl":{"start":{"line":56,"column":19},"end":{"line":93,"column":4}},"loc":{"start":{"line":56,"column":19},"end":{"line":93,"column":4}},"line":56},"5":{"name":"drive","decl":{"start":{"line":95,"column":18},"end":{"line":97,"column":18}},"loc":{"start":{"line":95,"column":18},"end":{"line":97,"column":18}},"line":95}},"f":{"0":6,"1":4,"2":4,"3":2,"4":10,"5":4}}
,"/Users/mangosetsuna/Workspace/Busymango/fetch-driver/src/fetch2curl.ts": {"path":"/Users/mangosetsuna/Workspace/Busymango/fetch-driver/src/fetch2curl.ts","all":false,"statementMap":{"0":{"start":{"line":1,"column":0},"end":{"line":1,"column":74}},"1":{"start":{"line":2,"column":0},"end":{"line":2,"column":43}},"4":{"start":{"line":5,"column":0},"end":{"line":5,"column":34}},"6":{"start":{"line":7,"column":0},"end":{"line":7,"column":25}},"12":{"start":{"line":13,"column":0},"end":{"line":13,"column":65}},"13":{"start":{"line":14,"column":0},"end":{"line":14,"column":56}},"14":{"start":{"line":15,"column":0},"end":{"line":15,"column":58}},"15":{"start":{"line":16,"column":0},"end":{"line":16,"column":20}},"16":{"start":{"line":17,"column":0},"end":{"line":17,"column":4}},"22":{"start":{"line":23,"column":0},"end":{"line":23,"column":61}},"23":{"start":{"line":24,"column":0},"end":{"line":24,"column":31}},"24":{"start":{"line":25,"column":0},"end":{"line":25,"column":41}},"25":{"start":{"line":26,"column":0},"end":{"line":26,"column":37}},"26":{"start":{"line":27,"column":0},"end":{"line":27,"column":49}},"27":{"start":{"line":28,"column":0},"end":{"line":28,"column":56}},"30":{"start":{"line":31,"column":0},"end":{"line":31,"column":37}},"32":{"start":{"line":33,"column":0},"end":{"line":33,"column":39}},"33":{"start":{"line":34,"column":0},"end":{"line":34,"column":67}},"34":{"start":{"line":35,"column":0},"end":{"line":35,"column":17}},"35":{"start":{"line":36,"column":0},"end":{"line":36,"column":4}},"36":{"start":{"line":37,"column":0},"end":{"line":37,"column":56}},"37":{"start":{"line":38,"column":0},"end":{"line":38,"column":27}},"39":{"start":{"line":40,"column":0},"end":{"line":40,"column":36}},"40":{"start":{"line":41,"column":0},"end":{"line":41,"column":41}},"41":{"start":{"line":42,"column":0},"end":{"line":42,"column":54}},"42":{"start":{"line":43,"column":0},"end":{"line":43,"column":19}},"43":{"start":{"line":44,"column":0},"end":{"line":44,"column":5}},"47":{"start":{"line":48,"column":0},"end":{"line":48,"column":53}},"48":{"start":{"line":49,"column":0},"end":{"line":49,"column":61}},"49":{"start":{"line":50,"column":0},"end":{"line":50,"column":62}},"50":{"start":{"line":51,"column":0},"end":{"line":51,"column":5}},"51":{"start":{"line":52,"column":0},"end":{"line":52,"column":43}},"52":{"start":{"line":53,"column":0},"end":{"line":53,"column":57}},"53":{"start":{"line":54,"column":0},"end":{"line":54,"column":4}},"54":{"start":{"line":55,"column":0},"end":{"line":55,"column":56}},"55":{"start":{"line":56,"column":0},"end":{"line":56,"column":79}},"56":{"start":{"line":57,"column":0},"end":{"line":57,"column":4}},"57":{"start":{"line":58,"column":0},"end":{"line":58,"column":2}},"63":{"start":{"line":64,"column":0},"end":{"line":64,"column":70}},"64":{"start":{"line":65,"column":0},"end":{"line":65,"column":51}},"65":{"start":{"line":66,"column":0},"end":{"line":66,"column":18}},"66":{"start":{"line":67,"column":0},"end":{"line":67,"column":11}},"67":{"start":{"line":68,"column":0},"end":{"line":68,"column":15}},"68":{"start":{"line":69,"column":0},"end":{"line":69,"column":26}},"69":{"start":{"line":70,"column":0},"end":{"line":70,"column":26}},"70":{"start":{"line":71,"column":0},"end":{"line":71,"column":24}},"71":{"start":{"line":72,"column":0},"end":{"line":72,"column":28}},"72":{"start":{"line":73,"column":0},"end":{"line":73,"column":4}},"73":{"start":{"line":74,"column":0},"end":{"line":74,"column":14}},"74":{"start":{"line":75,"column":0},"end":{"line":75,"column":12}},"75":{"start":{"line":76,"column":0},"end":{"line":76,"column":2}}},"s":{"0":1,"1":1,"4":1,"6":1,"12":1,"13":14,"14":14,"15":3,"16":14,"22":1,"23":9,"24":5,"25":5,"26":5,"27":11,"30":5,"32":5,"33":5,"34":5,"35":9,"36":1,"37":9,"39":1,"40":1,"41":1,"42":1,"43":1,"47":8,"48":8,"49":8,"50":8,"51":9,"52":9,"53":9,"54":1,"55":7,"56":7,"57":1,"63":1,"64":5,"65":5,"66":5,"67":5,"68":5,"69":5,"70":5,"71":5,"72":5,"73":5,"74":5,"75":5},"branchMap":{"0":{"type":"branch","line":13,"loc":{"start":{"line":13,"column":10},"end":{"line":17,"column":4}},"locations":[{"start":{"line":13,"column":10},"end":{"line":17,"column":4}}]},"1":{"type":"branch","line":15,"loc":{"start":{"line":15,"column":35},"end":{"line":15,"column":58}},"locations":[{"start":{"line":15,"column":35},"end":{"line":15,"column":58}}]},"2":{"type":"branch","line":15,"loc":{"start":{"line":15,"column":55},"end":{"line":16,"column":20}},"locations":[{"start":{"line":15,"column":55},"end":{"line":16,"column":20}}]},"3":{"type":"branch","line":23,"loc":{"start":{"line":23,"column":10},"end":{"line":36,"column":4}},"locations":[{"start":{"line":23,"column":10},"end":{"line":36,"column":4}}]},"4":{"type":"branch","line":24,"loc":{"start":{"line":24,"column":24},"end":{"line":35,"column":17}},"locations":[{"start":{"line":24,"column":24},"end":{"line":35,"column":17}}]},"5":{"type":"branch","line":24,"loc":{"start":{"line":24,"column":24},"end":{"line":24,"column":31}},"locations":[{"start":{"line":24,"column":24},"end":{"line":24,"column":31}}]},"6":{"type":"branch","line":27,"loc":{"start":{"line":27,"column":19},"end":{"line":28,"column":56}},"locations":[{"start":{"line":27,"column":19},"end":{"line":28,"column":56}}]},"7":{"type":"branch","line":34,"loc":{"start":{"line":34,"column":24},"end":{"line":34,"column":64}},"locations":[{"start":{"line":34,"column":24},"end":{"line":34,"column":64}}]},"8":{"type":"branch","line":37,"loc":{"start":{"line":37,"column":8},"end":{"line":54,"column":4}},"locations":[{"start":{"line":37,"column":8},"end":{"line":54,"column":4}}]},"9":{"type":"branch","line":38,"loc":{"start":{"line":38,"column":26},"end":{"line":44,"column":5}},"locations":[{"start":{"line":38,"column":26},"end":{"line":44,"column":5}}]},"10":{"type":"branch","line":44,"loc":{"start":{"line":44,"column":4},"end":{"line":52,"column":32}},"locations":[{"start":{"line":44,"column":4},"end":{"line":52,"column":32}}]},"11":{"type":"branch","line":52,"loc":{"start":{"line":52,"column":24},"end":{"line":52,"column":41}},"locations":[{"start":{"line":52,"column":24},"end":{"line":52,"column":41}}]},"12":{"type":"branch","line":53,"loc":{"start":{"line":53,"column":24},"end":{"line":53,"column":57}},"locations":[{"start":{"line":53,"column":24},"end":{"line":53,"column":57}}]},"13":{"type":"branch","line":42,"loc":{"start":{"line":42,"column":13},"end":{"line":42,"column":53}},"locations":[{"start":{"line":42,"column":13},"end":{"line":42,"column":53}}]},"14":{"type":"branch","line":48,"loc":{"start":{"line":48,"column":4},"end":{"line":51,"column":5}},"locations":[{"start":{"line":48,"column":4},"end":{"line":51,"column":5}}]},"15":{"type":"branch","line":49,"loc":{"start":{"line":49,"column":26},"end":{"line":49,"column":61}},"locations":[{"start":{"line":49,"column":26},"end":{"line":49,"column":61}}]},"16":{"type":"branch","line":49,"loc":{"start":{"line":49,"column":59},"end":{"line":50,"column":33}},"locations":[{"start":{"line":49,"column":59},"end":{"line":50,"column":33}}]},"17":{"type":"branch","line":50,"loc":{"start":{"line":50,"column":26},"end":{"line":50,"column":62}},"locations":[{"start":{"line":50,"column":26},"end":{"line":50,"column":62}}]},"18":{"type":"branch","line":55,"loc":{"start":{"line":55,"column":12},"end":{"line":57,"column":4}},"locations":[{"start":{"line":55,"column":12},"end":{"line":57,"column":4}}]},"19":{"type":"branch","line":56,"loc":{"start":{"line":56,"column":54},"end":{"line":56,"column":76}},"locations":[{"start":{"line":56,"column":54},"end":{"line":56,"column":76}}]},"20":{"type":"branch","line":56,"loc":{"start":{"line":56,"column":58},"end":{"line":56,"column":79}},"locations":[{"start":{"line":56,"column":58},"end":{"line":56,"column":79}}]},"21":{"type":"branch","line":64,"loc":{"start":{"line":64,"column":26},"end":{"line":76,"column":2}},"locations":[{"start":{"line":64,"column":26},"end":{"line":76,"column":2}}]},"22":{"type":"branch","line":65,"loc":{"start":{"line":65,"column":26},"end":{"line":65,"column":36}},"locations":[{"start":{"line":65,"column":26},"end":{"line":65,"column":36}}]},"23":{"type":"branch","line":65,"loc":{"start":{"line":65,"column":30},"end":{"line":65,"column":51}},"locations":[{"start":{"line":65,"column":30},"end":{"line":65,"column":51}}]}},"b":{"0":[14],"1":[11],"2":[3],"3":[9],"4":[5],"5":[4],"6":[11],"7":[11],"8":[9],"9":[1],"10":[8],"11":[5],"12":[3],"13":[2],"14":[8],"15":[3],"16":[5],"17":[0],"18":[7],"19":[1],"20":[6],"21":[5],"22":[4],"23":[1]},"fnMap":{"0":{"name":"method","decl":{"start":{"line":13,"column":10},"end":{"line":17,"column":4}},"loc":{"start":{"line":13,"column":10},"end":{"line":17,"column":4}},"line":13},"1":{"name":"header","decl":{"start":{"line":23,"column":10},"end":{"line":36,"column":4}},"loc":{"start":{"line":23,"column":10},"end":{"line":36,"column":4}},"line":23},"2":{"name":"format","decl":{"start":{"line":27,"column":19},"end":{"line":28,"column":56}},"loc":{"start":{"line":27,"column":19},"end":{"line":28,"column":56}},"line":27},"3":{"name":"body","decl":{"start":{"line":37,"column":8},"end":{"line":54,"column":4}},"loc":{"start":{"line":37,"column":8},"end":{"line":54,"column":4}},"line":37},"4":{"name":"escape","decl":{"start":{"line":48,"column":4},"end":{"line":51,"column":5}},"loc":{"start":{"line":48,"column":4},"end":{"line":51,"column":5}},"line":48},"5":{"name":"compress","decl":{"start":{"line":55,"column":12},"end":{"line":57,"column":4}},"loc":{"start":{"line":55,"column":12},"end":{"line":57,"column":4}},"line":55},"6":{"name":"fetch2curl","decl":{"start":{"line":64,"column":26},"end":{"line":76,"column":2}},"loc":{"start":{"line":64,"column":26},"end":{"line":76,"column":2}},"line":64}},"f":{"0":14,"1":9,"2":11,"3":9,"4":8,"5":7,"6":5}}
,"/Users/mangosetsuna/Workspace/Busymango/fetch-driver/src/parser.ts": {"path":"/Users/mangosetsuna/Workspace/Busymango/fetch-driver/src/parser.ts","all":false,"statementMap":{"5":{"start":{"line":6,"column":0},"end":{"line":6,"column":57}},"9":{"start":{"line":10,"column":0},"end":{"line":10,"column":40}},"13":{"start":{"line":14,"column":0},"end":{"line":14,"column":20}},"14":{"start":{"line":15,"column":0},"end":{"line":15,"column":50}},"15":{"start":{"line":16,"column":0},"end":{"line":16,"column":46}},"16":{"start":{"line":17,"column":0},"end":{"line":17,"column":48}},"17":{"start":{"line":18,"column":0},"end":{"line":18,"column":18}},"18":{"start":{"line":19,"column":0},"end":{"line":19,"column":34}},"19":{"start":{"line":20,"column":0},"end":{"line":20,"column":17}},"20":{"start":{"line":21,"column":0},"end":{"line":21,"column":37}},"21":{"start":{"line":22,"column":0},"end":{"line":22,"column":10}},"22":{"start":{"line":23,"column":0},"end":{"line":23,"column":22}},"23":{"start":{"line":24,"column":0},"end":{"line":24,"column":34}},"24":{"start":{"line":25,"column":0},"end":{"line":25,"column":47}},"25":{"start":{"line":26,"column":0},"end":{"line":26,"column":17}},"26":{"start":{"line":27,"column":0},"end":{"line":27,"column":1}},"28":{"start":{"line":29,"column":0},"end":{"line":29,"column":21}},"29":{"start":{"line":30,"column":0},"end":{"line":30,"column":7}},"30":{"start":{"line":31,"column":0},"end":{"line":31,"column":12}},"31":{"start":{"line":32,"column":0},"end":{"line":32,"column":23}},"32":{"start":{"line":33,"column":0},"end":{"line":33,"column":29}},"33":{"start":{"line":34,"column":0},"end":{"line":34,"column":13}},"35":{"start":{"line":36,"column":0},"end":{"line":36,"column":11}},"36":{"start":{"line":37,"column":0},"end":{"line":37,"column":8}},"37":{"start":{"line":38,"column":0},"end":{"line":38,"column":43}},"38":{"start":{"line":39,"column":0},"end":{"line":39,"column":37}},"40":{"start":{"line":41,"column":0},"end":{"line":41,"column":59}},"41":{"start":{"line":42,"column":0},"end":{"line":42,"column":60}},"43":{"start":{"line":44,"column":0},"end":{"line":44,"column":13}},"44":{"start":{"line":45,"column":0},"end":{"line":45,"column":34}},"45":{"start":{"line":46,"column":0},"end":{"line":46,"column":57}},"46":{"start":{"line":47,"column":0},"end":{"line":47,"column":61}},"48":{"start":{"line":49,"column":0},"end":{"line":49,"column":40}},"49":{"start":{"line":50,"column":0},"end":{"line":50,"column":38}},"50":{"start":{"line":51,"column":0},"end":{"line":51,"column":40}},"51":{"start":{"line":52,"column":0},"end":{"line":52,"column":43}},"52":{"start":{"line":53,"column":0},"end":{"line":53,"column":29}},"53":{"start":{"line":54,"column":0},"end":{"line":54,"column":59}},"54":{"start":{"line":55,"column":0},"end":{"line":55,"column":45}},"55":{"start":{"line":56,"column":0},"end":{"line":56,"column":24}},"56":{"start":{"line":57,"column":0},"end":{"line":57,"column":21}},"57":{"start":{"line":58,"column":0},"end":{"line":58,"column":21}},"58":{"start":{"line":59,"column":0},"end":{"line":59,"column":22}},"59":{"start":{"line":60,"column":0},"end":{"line":60,"column":23}},"60":{"start":{"line":61,"column":0},"end":{"line":61,"column":24}},"61":{"start":{"line":62,"column":0},"end":{"line":62,"column":58}},"62":{"start":{"line":63,"column":0},"end":{"line":63,"column":17}},"63":{"start":{"line":64,"column":0},"end":{"line":64,"column":15}},"64":{"start":{"line":65,"column":0},"end":{"line":65,"column":12}},"65":{"start":{"line":66,"column":0},"end":{"line":66,"column":11}},"67":{"start":{"line":68,"column":0},"end":{"line":68,"column":48}},"68":{"start":{"line":69,"column":0},"end":{"line":69,"column":15}},"69":{"start":{"line":70,"column":0},"end":{"line":70,"column":7}},"70":{"start":{"line":71,"column":0},"end":{"line":71,"column":5}},"73":{"start":{"line":74,"column":0},"end":{"line":74,"column":22}},"74":{"start":{"line":75,"column":0},"end":{"line":75,"column":50}},"75":{"start":{"line":76,"column":0},"end":{"line":76,"column":13}},"76":{"start":{"line":77,"column":0},"end":{"line":77,"column":5}},"78":{"start":{"line":79,"column":0},"end":{"line":79,"column":33}},"79":{"start":{"line":80,"column":0},"end":{"line":80,"column":50}},"80":{"start":{"line":81,"column":0},"end":{"line":81,"column":13}},"81":{"start":{"line":82,"column":0},"end":{"line":82,"column":5}},"83":{"start":{"line":84,"column":0},"end":{"line":84,"column":34}},"84":{"start":{"line":85,"column":0},"end":{"line":85,"column":50}},"85":{"start":{"line":86,"column":0},"end":{"line":86,"column":13}},"86":{"start":{"line":87,"column":0},"end":{"line":87,"column":5}},"89":{"start":{"line":90,"column":0},"end":{"line":90,"column":51}},"90":{"start":{"line":91,"column":0},"end":{"line":91,"column":50}},"91":{"start":{"line":92,"column":0},"end":{"line":92,"column":13}},"92":{"start":{"line":93,"column":0},"end":{"line":93,"column":5}},"93":{"start":{"line":94,"column":0},"end":{"line":94,"column":4}}},"s":{"5":1,"9":1,"13":2,"14":2,"15":2,"16":2,"17":2,"18":2,"19":2,"20":0,"21":2,"22":1,"23":1,"24":1,"25":0,"26":2,"28":1,"29":1,"30":8,"31":7,"32":7,"33":7,"35":7,"36":7,"37":7,"38":7,"40":7,"41":7,"43":7,"44":7,"45":7,"46":7,"48":7,"49":1,"50":1,"51":1,"52":1,"53":1,"54":1,"55":1,"56":1,"57":1,"58":1,"59":1,"60":1,"61":1,"62":1,"63":1,"64":1,"65":1,"67":1,"68":1,"69":1,"70":7,"73":6,"74":0,"75":0,"76":0,"78":6,"79":1,"80":1,"81":1,"83":6,"84":4,"85":4,"86":4,"89":7,"90":0,"91":0,"92":0,"93":7},"branchMap":{"0":{"type":"branch","line":14,"loc":{"start":{"line":14,"column":0},"end":{"line":27,"column":1}},"locations":[{"start":{"line":14,"column":0},"end":{"line":27,"column":1}}]},"1":{"type":"branch","line":19,"loc":{"start":{"line":19,"column":32},"end":{"line":20,"column":16}},"locations":[{"start":{"line":19,"column":32},"end":{"line":20,"column":16}}]},"2":{"type":"branch","line":20,"loc":{"start":{"line":20,"column":16},"end":{"line":22,"column":9}},"locations":[{"start":{"line":20,"column":16},"end":{"line":22,"column":9}}]},"3":{"type":"branch","line":22,"loc":{"start":{"line":22,"column":2},"end":{"line":26,"column":17}},"locations":[{"start":{"line":22,"column":2},"end":{"line":26,"column":17}}]},"4":{"type":"branch","line":25,"loc":{"start":{"line":25,"column":45},"end":{"line":26,"column":17}},"locations":[{"start":{"line":25,"column":45},"end":{"line":26,"column":17}}]},"5":{"type":"branch","line":30,"loc":{"start":{"line":30,"column":2},"end":{"line":94,"column":4}},"locations":[{"start":{"line":30,"column":2},"end":{"line":94,"column":4}}]},"6":{"type":"branch","line":31,"loc":{"start":{"line":31,"column":2},"end":{"line":94,"column":4}},"locations":[{"start":{"line":31,"column":2},"end":{"line":94,"column":4}}]},"7":{"type":"branch","line":42,"loc":{"start":{"line":42,"column":24},"end":{"line":42,"column":46}},"locations":[{"start":{"line":42,"column":24},"end":{"line":42,"column":46}}]},"8":{"type":"branch","line":49,"loc":{"start":{"line":49,"column":18},"end":{"line":49,"column":39}},"locations":[{"start":{"line":49,"column":18},"end":{"line":49,"column":39}}]},"9":{"type":"branch","line":49,"loc":{"start":{"line":49,"column":39},"end":{"line":70,"column":7}},"locations":[{"start":{"line":49,"column":39},"end":{"line":70,"column":7}}]},"10":{"type":"branch","line":71,"loc":{"start":{"line":71,"column":4},"end":{"line":90,"column":47}},"locations":[{"start":{"line":71,"column":4},"end":{"line":90,"column":47}}]},"11":{"type":"branch","line":74,"loc":{"start":{"line":74,"column":21},"end":{"line":77,"column":5}},"locations":[{"start":{"line":74,"column":21},"end":{"line":77,"column":5}}]},"12":{"type":"branch","line":79,"loc":{"start":{"line":79,"column":32},"end":{"line":84,"column":33}},"locations":[{"start":{"line":79,"column":32},"end":{"line":84,"column":33}}]},"13":{"type":"branch","line":79,"loc":{"start":{"line":79,"column":32},"end":{"line":82,"column":5}},"locations":[{"start":{"line":79,"column":32},"end":{"line":82,"column":5}}]},"14":{"type":"branch","line":84,"loc":{"start":{"line":84,"column":33},"end":{"line":87,"column":5}},"locations":[{"start":{"line":84,"column":33},"end":{"line":87,"column":5}}]},"15":{"type":"branch","line":87,"loc":{"start":{"line":87,"column":4},"end":{"line":90,"column":47}},"locations":[{"start":{"line":87,"column":4},"end":{"line":90,"column":47}}]},"16":{"type":"branch","line":87,"loc":{"start":{"line":87,"column":4},"end":{"line":90,"column":38}},"locations":[{"start":{"line":87,"column":4},"end":{"line":90,"column":38}}]},"17":{"type":"branch","line":90,"loc":{"start":{"line":90,"column":22},"end":{"line":90,"column":47}},"locations":[{"start":{"line":90,"column":22},"end":{"line":90,"column":47}}]},"18":{"type":"branch","line":90,"loc":{"start":{"line":90,"column":50},"end":{"line":93,"column":5}},"locations":[{"start":{"line":90,"column":50},"end":{"line":93,"column":5}}]},"19":{"type":"branch","line":53,"loc":{"start":{"line":53,"column":10},"end":{"line":65,"column":12}},"locations":[{"start":{"line":53,"column":10},"end":{"line":65,"column":12}}]},"20":{"type":"branch","line":54,"loc":{"start":{"line":54,"column":37},"end":{"line":64,"column":13}},"locations":[{"start":{"line":54,"column":37},"end":{"line":64,"column":13}}]}},"b":{"0":[2],"1":[1],"2":[0],"3":[1],"4":[0],"5":[8],"6":[7],"7":[0],"8":[1],"9":[1],"10":[6],"11":[0],"12":[5],"13":[1],"14":[4],"15":[2],"16":[1],"17":[0],"18":[0],"19":[1],"20":[1]},"fnMap":{"0":{"name":"pump","decl":{"start":{"line":14,"column":0},"end":{"line":27,"column":1}},"loc":{"start":{"line":14,"column":0},"end":{"line":27,"column":1}},"line":14},"1":{"name":"parser","decl":{"start":{"line":30,"column":2},"end":{"line":94,"column":4}},"loc":{"start":{"line":30,"column":2},"end":{"line":94,"column":4}},"line":30},"2":{"name":"start","decl":{"start":{"line":53,"column":10},"end":{"line":65,"column":12}},"loc":{"start":{"line":53,"column":10},"end":{"line":65,"column":12}},"line":53}},"f":{"0":2,"1":8,"2":1}}
,"/Users/mangosetsuna/Workspace/Busymango/fetch-driver/src/utils.ts": {"path":"/Users/mangosetsuna/Workspace/Busymango/fetch-driver/src/utils.ts","all":false,"statementMap":{"0":{"start":{"line":6,"column":0},"end":{"line":6,"column":8}},"1":{"start":{"line":15,"column":0},"end":{"line":15,"column":33}},"2":{"start":{"line":16,"column":0},"end":{"line":16,"column":18}},"3":{"start":{"line":17,"column":0},"end":{"line":17,"column":58}},"4":{"start":{"line":18,"column":0},"end":{"line":18,"column":10}},"5":{"start":{"line":19,"column":0},"end":{"line":19,"column":21}},"6":{"start":{"line":20,"column":0},"end":{"line":20,"column":25}},"7":{"start":{"line":21,"column":0},"end":{"line":21,"column":29}},"8":{"start":{"line":22,"column":0},"end":{"line":22,"column":28}},"9":{"start":{"line":24,"column":0},"end":{"line":24,"column":1}},"10":{"start":{"line":26,"column":0},"end":{"line":26,"column":46}},"11":{"start":{"line":27,"column":0},"end":{"line":27,"column":17}},"12":{"start":{"line":28,"column":0},"end":{"line":28,"column":15}},"13":{"start":{"line":29,"column":0},"end":{"line":29,"column":15}},"14":{"start":{"line":30,"column":0},"end":{"line":30,"column":16}},"15":{"start":{"line":31,"column":0},"end":{"line":31,"column":17}},"16":{"start":{"line":32,"column":0},"end":{"line":32,"column":20}},"17":{"start":{"line":33,"column":0},"end":{"line":33,"column":22}},"18":{"start":{"line":34,"column":0},"end":{"line":34,"column":18}},"19":{"start":{"line":35,"column":0},"end":{"line":35,"column":3}},"20":{"start":{"line":36,"column":0},"end":{"line":36,"column":15}},"21":{"start":{"line":37,"column":0},"end":{"line":37,"column":1}},"22":{"start":{"line":39,"column":0},"end":{"line":39,"column":60}},"23":{"start":{"line":40,"column":0},"end":{"line":40,"column":46}},"24":{"start":{"line":41,"column":0},"end":{"line":41,"column":37}},"25":{"start":{"line":42,"column":0},"end":{"line":42,"column":33}},"26":{"start":{"line":43,"column":0},"end":{"line":43,"column":30}},"27":{"start":{"line":44,"column":0},"end":{"line":44,"column":22}},"28":{"start":{"line":45,"column":0},"end":{"line":45,"column":18}},"29":{"start":{"line":46,"column":0},"end":{"line":46,"column":37}},"30":{"start":{"line":47,"column":0},"end":{"line":47,"column":1}},"31":{"start":{"line":49,"column":0},"end":{"line":49,"column":47}},"32":{"start":{"line":50,"column":0},"end":{"line":50,"column":32}},"33":{"start":{"line":51,"column":0},"end":{"line":51,"column":40}},"34":{"start":{"line":52,"column":0},"end":{"line":52,"column":1}},"35":{"start":{"line":54,"column":0},"end":{"line":54,"column":79}},"36":{"start":{"line":55,"column":0},"end":{"line":55,"column":20}},"37":{"start":{"line":56,"column":0},"end":{"line":56,"column":1}}},"s":{"0":2,"1":2,"2":28,"3":28,"4":28,"5":28,"6":27,"7":25,"8":22,"9":28,"10":2,"11":14,"12":14,"13":14,"14":14,"15":14,"16":14,"17":14,"18":6,"19":14,"20":8,"21":8,"22":2,"23":1,"24":1,"25":1,"26":1,"27":1,"28":1,"29":1,"30":1,"31":2,"32":6,"33":6,"34":6,"35":2,"36":1,"37":1},"branchMap":{"0":{"type":"branch","line":15,"loc":{"start":{"line":15,"column":7},"end":{"line":24,"column":1}},"locations":[{"start":{"line":15,"column":7},"end":{"line":24,"column":1}}]},"1":{"type":"branch","line":19,"loc":{"start":{"line":19,"column":17},"end":{"line":20,"column":25}},"locations":[{"start":{"line":19,"column":17},"end":{"line":20,"column":25}}]},"2":{"type":"branch","line":20,"loc":{"start":{"line":20,"column":21},"end":{"line":21,"column":29}},"locations":[{"start":{"line":20,"column":21},"end":{"line":21,"column":29}}]},"3":{"type":"branch","line":21,"loc":{"start":{"line":21,"column":25},"end":{"line":22,"column":28}},"locations":[{"start":{"line":21,"column":25},"end":{"line":22,"column":28}}]},"4":{"type":"branch","line":26,"loc":{"start":{"line":26,"column":7},"end":{"line":37,"column":1}},"locations":[{"start":{"line":26,"column":7},"end":{"line":37,"column":1}}]},"5":{"type":"branch","line":28,"loc":{"start":{"line":28,"column":4},"end":{"line":28,"column":15}},"locations":[{"start":{"line":28,"column":4},"end":{"line":28,"column":15}}]},"6":{"type":"branch","line":29,"loc":{"start":{"line":29,"column":4},"end":{"line":29,"column":15}},"locations":[{"start":{"line":29,"column":4},"end":{"line":29,"column":15}}]},"7":{"type":"branch","line":30,"loc":{"start":{"line":30,"column":4},"end":{"line":30,"column":16}},"locations":[{"start":{"line":30,"column":4},"end":{"line":30,"column":16}}]},"8":{"type":"branch","line":31,"loc":{"start":{"line":31,"column":4},"end":{"line":31,"column":17}},"locations":[{"start":{"line":31,"column":4},"end":{"line":31,"column":17}}]},"9":{"type":"branch","line":32,"loc":{"start":{"line":32,"column":4},"end":{"line":32,"column":20}},"locations":[{"start":{"line":32,"column":4},"end":{"line":32,"column":20}}]},"10":{"type":"branch","line":33,"loc":{"start":{"line":33,"column":4},"end":{"line":34,"column":18}},"locations":[{"start":{"line":33,"column":4},"end":{"line":34,"column":18}}]},"11":{"type":"branch","line":35,"loc":{"start":{"line":35,"column":2},"end":{"line":37,"column":1}},"locations":[{"start":{"line":35,"column":2},"end":{"line":37,"column":1}}]},"12":{"type":"branch","line":39,"loc":{"start":{"line":39,"column":7},"end":{"line":47,"column":1}},"locations":[{"start":{"line":39,"column":7},"end":{"line":47,"column":1}}]},"13":{"type":"branch","line":49,"loc":{"start":{"line":49,"column":7},"end":{"line":52,"column":1}},"locations":[{"start":{"line":49,"column":7},"end":{"line":52,"column":1}}]},"14":{"type":"branch","line":54,"loc":{"start":{"line":54,"column":7},"end":{"line":56,"column":1}},"locations":[{"start":{"line":54,"column":7},"end":{"line":56,"column":1}}]}},"b":{"0":[28],"1":[27],"2":[25],"3":[22],"4":[14],"5":[1],"6":[2],"7":[3],"8":[4],"9":[5],"10":[6],"11":[8],"12":[1],"13":[6],"14":[1]},"fnMap":{"0":{"name":"isNonRawBodyInit","decl":{"start":{"line":15,"column":7},"end":{"line":24,"column":1}},"loc":{"start":{"line":15,"column":7},"end":{"line":24,"column":1}},"line":15},"1":{"name":"isRawTextBody","decl":{"start":{"line":26,"column":7},"end":{"line":37,"column":1}},"loc":{"start":{"line":26,"column":7},"end":{"line":37,"column":1}},"line":26},"2":{"name":"downloader","decl":{"start":{"line":39,"column":7},"end":{"line":47,"column":1}},"loc":{"start":{"line":39,"column":7},"end":{"line":47,"column":1}},"line":39},"3":{"name":"src2name","decl":{"start":{"line":49,"column":7},"end":{"line":52,"column":1}},"loc":{"start":{"line":49,"column":7},"end":{"line":52,"column":1}},"line":49},"4":{"name":"createMiddleware","decl":{"start":{"line":54,"column":7},"end":{"line":56,"column":1}},"loc":{"start":{"line":54,"column":7},"end":{"line":56,"column":1}},"line":54}},"f":{"0":28,"1":14,"2":1,"3":6,"4":1}}
}
